2021-12-28 11:14:11,247 - INFO - Scrapping EPL ...
2021-12-28 11:14:11,247 - INFO - Scrapping EPL ...
2021-12-28 11:14:11,257 - INFO - Scrapping season 2014 ...
2021-12-28 11:14:11,257 - INFO - Scrapping season 2014 ...
2021-12-28 11:14:20,336 - INFO - 	 ... Scrapping done!
2021-12-28 11:14:20,336 - INFO - 	 ... Scrapping done!
2021-12-28 11:14:20,364 - INFO - Scrapping season 2015 ...
2021-12-28 11:14:20,364 - INFO - Scrapping season 2015 ...
2021-12-28 11:14:37,027 - INFO - 	 ... Scrapping done!
2021-12-28 11:14:37,027 - INFO - 	 ... Scrapping done!
2021-12-28 11:14:37,051 - INFO - Scrapping season 2016 ...
2021-12-28 11:14:37,051 - INFO - Scrapping season 2016 ...
2021-12-28 11:14:44,421 - INFO - 	 ... Scrapping done!
2021-12-28 11:14:44,421 - INFO - 	 ... Scrapping done!
2021-12-28 11:14:44,449 - INFO - Scrapping season 2017 ...
2021-12-28 11:14:44,449 - INFO - Scrapping season 2017 ...
2021-12-28 11:14:52,766 - INFO - 	 ... Scrapping done!
2021-12-28 11:14:52,766 - INFO - 	 ... Scrapping done!
2021-12-28 11:14:52,786 - INFO - Scrapping season 2018 ...
2021-12-28 11:14:52,786 - INFO - Scrapping season 2018 ...
2021-12-28 11:15:05,377 - INFO - 	 ... Scrapping done!
2021-12-28 11:15:05,377 - INFO - 	 ... Scrapping done!
2021-12-28 11:15:05,405 - INFO - Scrapping season 2019 ...
2021-12-28 11:15:05,405 - INFO - Scrapping season 2019 ...
2021-12-28 11:15:13,855 - INFO - 	 ... Scrapping done!
2021-12-28 11:15:13,855 - INFO - 	 ... Scrapping done!
2021-12-28 11:15:13,874 - INFO - Scrapping season 2020 ...
2021-12-28 11:15:13,874 - INFO - Scrapping season 2020 ...
2021-12-28 11:15:22,146 - INFO - 	 ... Scrapping done!
2021-12-28 11:15:22,146 - INFO - 	 ... Scrapping done!
2021-12-28 11:15:22,194 - INFO - Scrapping La liga ...
2021-12-28 11:15:22,194 - INFO - Scrapping La liga ...
2021-12-28 11:15:22,196 - INFO - Scrapping season 2014 ...
2021-12-28 11:15:22,196 - INFO - Scrapping season 2014 ...
2021-12-28 11:15:29,478 - INFO - 	 ... Scrapping done!
2021-12-28 11:15:29,478 - INFO - 	 ... Scrapping done!
2021-12-28 11:15:29,504 - INFO - Scrapping season 2015 ...
2021-12-28 11:15:29,504 - INFO - Scrapping season 2015 ...
2021-12-28 11:15:37,901 - INFO - 	 ... Scrapping done!
2021-12-28 11:15:37,901 - INFO - 	 ... Scrapping done!
2021-12-28 11:15:37,933 - INFO - Scrapping season 2016 ...
2021-12-28 11:15:37,933 - INFO - Scrapping season 2016 ...
2021-12-28 11:15:45,230 - INFO - 	 ... Scrapping done!
2021-12-28 11:15:45,230 - INFO - 	 ... Scrapping done!
2021-12-28 11:15:45,257 - INFO - Scrapping season 2017 ...
2021-12-28 11:15:45,257 - INFO - Scrapping season 2017 ...
2021-12-28 11:15:53,607 - INFO - 	 ... Scrapping done!
2021-12-28 11:15:53,607 - INFO - 	 ... Scrapping done!
2021-12-28 11:15:53,634 - INFO - Scrapping season 2018 ...
2021-12-28 11:15:53,634 - INFO - Scrapping season 2018 ...
2021-12-28 11:16:00,985 - INFO - 	 ... Scrapping done!
2021-12-28 11:16:00,985 - INFO - 	 ... Scrapping done!
2021-12-28 11:16:01,005 - INFO - Scrapping season 2019 ...
2021-12-28 11:16:01,005 - INFO - Scrapping season 2019 ...
2021-12-28 11:16:08,542 - INFO - 	 ... Scrapping done!
2021-12-28 11:16:08,542 - INFO - 	 ... Scrapping done!
2021-12-28 11:16:08,579 - INFO - Scrapping season 2020 ...
2021-12-28 11:16:08,579 - INFO - Scrapping season 2020 ...
2021-12-28 11:16:15,619 - INFO - 	 ... Scrapping done!
2021-12-28 11:16:15,619 - INFO - 	 ... Scrapping done!
2021-12-28 11:16:15,651 - INFO - Scrapping Bundesliga ...
2021-12-28 11:16:15,651 - INFO - Scrapping Bundesliga ...
2021-12-28 11:16:15,652 - INFO - Scrapping season 2014 ...
2021-12-28 11:16:15,652 - INFO - Scrapping season 2014 ...
2021-12-28 11:16:22,920 - INFO - 	 ... Scrapping done!
2021-12-28 11:16:22,920 - INFO - 	 ... Scrapping done!
2021-12-28 11:16:22,942 - INFO - Scrapping season 2015 ...
2021-12-28 11:16:22,942 - INFO - Scrapping season 2015 ...
2021-12-28 11:16:29,240 - INFO - 	 ... Scrapping done!
2021-12-28 11:16:29,240 - INFO - 	 ... Scrapping done!
2021-12-28 11:16:29,264 - INFO - Scrapping season 2016 ...
2021-12-28 11:16:29,264 - INFO - Scrapping season 2016 ...
2021-12-28 11:16:36,536 - INFO - 	 ... Scrapping done!
2021-12-28 11:16:36,536 - INFO - 	 ... Scrapping done!
2021-12-28 11:16:36,561 - INFO - Scrapping season 2017 ...
2021-12-28 11:16:36,561 - INFO - Scrapping season 2017 ...
2021-12-28 11:16:42,831 - INFO - 	 ... Scrapping done!
2021-12-28 11:16:42,831 - INFO - 	 ... Scrapping done!
2021-12-28 11:16:42,855 - INFO - Scrapping season 2018 ...
2021-12-28 11:16:42,855 - INFO - Scrapping season 2018 ...
2021-12-28 11:16:49,196 - INFO - 	 ... Scrapping done!
2021-12-28 11:16:49,196 - INFO - 	 ... Scrapping done!
2021-12-28 11:16:49,215 - INFO - Scrapping season 2019 ...
2021-12-28 11:16:49,215 - INFO - Scrapping season 2019 ...
2021-12-28 11:16:56,519 - INFO - 	 ... Scrapping done!
2021-12-28 11:16:56,519 - INFO - 	 ... Scrapping done!
2021-12-28 11:16:56,545 - INFO - Scrapping season 2020 ...
2021-12-28 11:16:56,545 - INFO - Scrapping season 2020 ...
2021-12-28 11:17:04,888 - INFO - 	 ... Scrapping done!
2021-12-28 11:17:04,888 - INFO - 	 ... Scrapping done!
2021-12-28 11:17:04,922 - INFO - Scrapping Serie A ...
2021-12-28 11:17:04,922 - INFO - Scrapping Serie A ...
2021-12-28 11:17:04,922 - INFO - Scrapping season 2014 ...
2021-12-28 11:17:04,922 - INFO - Scrapping season 2014 ...
2021-12-28 11:17:13,307 - INFO - 	 ... Scrapping done!
2021-12-28 11:17:13,307 - INFO - 	 ... Scrapping done!
2021-12-28 11:17:13,329 - INFO - Scrapping season 2015 ...
2021-12-28 11:17:13,329 - INFO - Scrapping season 2015 ...
2021-12-28 11:17:20,618 - INFO - 	 ... Scrapping done!
2021-12-28 11:17:20,618 - INFO - 	 ... Scrapping done!
2021-12-28 11:17:20,651 - INFO - Scrapping season 2016 ...
2021-12-28 11:17:20,651 - INFO - Scrapping season 2016 ...
2021-12-28 11:17:29,006 - INFO - 	 ... Scrapping done!
2021-12-28 11:17:29,006 - INFO - 	 ... Scrapping done!
2021-12-28 11:17:29,039 - INFO - Scrapping season 2017 ...
2021-12-28 11:17:29,039 - INFO - Scrapping season 2017 ...
2021-12-28 11:17:36,339 - INFO - 	 ... Scrapping done!
2021-12-28 11:17:36,339 - INFO - 	 ... Scrapping done!
2021-12-28 11:17:36,367 - INFO - Scrapping season 2018 ...
2021-12-28 11:17:36,367 - INFO - Scrapping season 2018 ...
2021-12-28 11:17:44,782 - INFO - 	 ... Scrapping done!
2021-12-28 11:17:44,782 - INFO - 	 ... Scrapping done!
2021-12-28 11:17:44,805 - INFO - Scrapping season 2019 ...
2021-12-28 11:17:44,805 - INFO - Scrapping season 2019 ...
2021-12-28 11:17:52,075 - INFO - 	 ... Scrapping done!
2021-12-28 11:17:52,075 - INFO - 	 ... Scrapping done!
2021-12-28 11:17:52,109 - INFO - Scrapping season 2020 ...
2021-12-28 11:17:52,109 - INFO - Scrapping season 2020 ...
2021-12-28 11:17:59,450 - INFO - 	 ... Scrapping done!
2021-12-28 11:17:59,450 - INFO - 	 ... Scrapping done!
2021-12-28 11:17:59,479 - INFO - Scrapping Ligue 1 ...
2021-12-28 11:17:59,479 - INFO - Scrapping Ligue 1 ...
2021-12-28 11:17:59,482 - INFO - Scrapping season 2014 ...
2021-12-28 11:17:59,482 - INFO - Scrapping season 2014 ...
2021-12-28 11:18:23,529 - INFO - 	 ... Scrapping done!
2021-12-28 11:18:23,529 - INFO - 	 ... Scrapping done!
2021-12-28 11:18:23,554 - INFO - Scrapping season 2015 ...
2021-12-28 11:18:23,554 - INFO - Scrapping season 2015 ...
2021-12-28 11:18:31,007 - INFO - 	 ... Scrapping done!
2021-12-28 11:18:31,007 - INFO - 	 ... Scrapping done!
2021-12-28 11:18:31,057 - INFO - Scrapping season 2016 ...
2021-12-28 11:18:31,057 - INFO - Scrapping season 2016 ...
2021-12-28 11:18:38,210 - INFO - 	 ... Scrapping done!
2021-12-28 11:18:38,210 - INFO - 	 ... Scrapping done!
2021-12-28 11:18:38,233 - INFO - Scrapping season 2017 ...
2021-12-28 11:18:38,233 - INFO - Scrapping season 2017 ...
2021-12-28 11:18:46,647 - INFO - 	 ... Scrapping done!
2021-12-28 11:18:46,647 - INFO - 	 ... Scrapping done!
2021-12-28 11:18:46,673 - INFO - Scrapping season 2018 ...
2021-12-28 11:18:46,673 - INFO - Scrapping season 2018 ...
2021-12-28 11:18:55,056 - INFO - 	 ... Scrapping done!
2021-12-28 11:18:55,056 - INFO - 	 ... Scrapping done!
2021-12-28 11:18:55,082 - INFO - Scrapping season 2019 ...
2021-12-28 11:18:55,082 - INFO - Scrapping season 2019 ...
2021-12-28 11:19:02,372 - INFO - 	 ... Scrapping done!
2021-12-28 11:19:02,372 - INFO - 	 ... Scrapping done!
2021-12-28 11:19:02,395 - INFO - Scrapping season 2020 ...
2021-12-28 11:19:02,395 - INFO - Scrapping season 2020 ...
2021-12-28 11:19:09,667 - INFO - 	 ... Scrapping done!
2021-12-28 11:19:09,667 - INFO - 	 ... Scrapping done!
2021-12-28 11:19:09,703 - INFO - Scrapping RFPL ...
2021-12-28 11:19:09,703 - INFO - Scrapping RFPL ...
2021-12-28 11:19:09,705 - INFO - Scrapping season 2014 ...
2021-12-28 11:19:09,705 - INFO - Scrapping season 2014 ...
2021-12-28 11:19:16,964 - INFO - 	 ... Scrapping done!
2021-12-28 11:19:16,964 - INFO - 	 ... Scrapping done!
2021-12-28 11:19:17,015 - INFO - Scrapping season 2015 ...
2021-12-28 11:19:17,015 - INFO - Scrapping season 2015 ...
2021-12-28 11:19:24,363 - INFO - 	 ... Scrapping done!
2021-12-28 11:19:24,363 - INFO - 	 ... Scrapping done!
2021-12-28 11:19:24,385 - INFO - Scrapping season 2016 ...
2021-12-28 11:19:24,385 - INFO - Scrapping season 2016 ...
2021-12-28 11:19:31,647 - INFO - 	 ... Scrapping done!
2021-12-28 11:19:31,647 - INFO - 	 ... Scrapping done!
2021-12-28 11:19:31,675 - INFO - Scrapping season 2017 ...
2021-12-28 11:19:31,675 - INFO - Scrapping season 2017 ...
2021-12-28 11:19:46,325 - INFO - 	 ... Scrapping done!
2021-12-28 11:19:46,325 - INFO - 	 ... Scrapping done!
2021-12-28 11:19:46,345 - INFO - Scrapping season 2018 ...
2021-12-28 11:19:46,345 - INFO - Scrapping season 2018 ...
2021-12-28 11:19:52,599 - INFO - 	 ... Scrapping done!
2021-12-28 11:19:52,599 - INFO - 	 ... Scrapping done!
2021-12-28 11:19:52,640 - INFO - Scrapping season 2019 ...
2021-12-28 11:19:52,640 - INFO - Scrapping season 2019 ...
2021-12-28 11:19:59,957 - INFO - 	 ... Scrapping done!
2021-12-28 11:19:59,957 - INFO - 	 ... Scrapping done!
2021-12-28 11:19:59,979 - INFO - Scrapping season 2020 ...
2021-12-28 11:19:59,979 - INFO - Scrapping season 2020 ...
2021-12-28 11:20:17,863 - INFO - 	 ... Scrapping done!
2021-12-28 11:20:17,863 - INFO - 	 ... Scrapping done!
2021-12-28 11:32:07,759 - INFO - Scrapping EPL ...
2021-12-28 11:32:07,759 - INFO - Scrapping EPL ...
2021-12-28 11:32:07,759 - INFO - Scrapping EPL ...
2021-12-28 11:32:07,759 - INFO - Scrapping EPL ...
2021-12-28 11:32:07,759 - INFO - Scrapping EPL ...
2021-12-28 11:32:07,759 - INFO - Scrapping EPL ...
2021-12-28 11:32:07,759 - INFO - Scrapping EPL ...
2021-12-28 11:32:07,759 - INFO - Scrapping EPL ...
2021-12-28 11:32:07,765 - INFO - Scrapping season 2014 ...
2021-12-28 11:32:07,765 - INFO - Scrapping season 2014 ...
2021-12-28 11:32:07,765 - INFO - Scrapping season 2014 ...
2021-12-28 11:32:07,765 - INFO - Scrapping season 2014 ...
2021-12-28 11:32:07,765 - INFO - Scrapping season 2014 ...
2021-12-28 11:32:07,765 - INFO - Scrapping season 2014 ...
2021-12-28 11:32:07,765 - INFO - Scrapping season 2014 ...
2021-12-28 11:32:07,765 - INFO - Scrapping season 2014 ...
2021-12-28 11:32:17,415 - INFO - 	 ... Scrapping done!
2021-12-28 11:32:17,415 - INFO - 	 ... Scrapping done!
2021-12-28 11:32:17,415 - INFO - 	 ... Scrapping done!
2021-12-28 11:32:17,415 - INFO - 	 ... Scrapping done!
2021-12-28 11:32:17,415 - INFO - 	 ... Scrapping done!
2021-12-28 11:32:17,415 - INFO - 	 ... Scrapping done!
2021-12-28 11:32:17,415 - INFO - 	 ... Scrapping done!
2021-12-28 11:32:17,415 - INFO - 	 ... Scrapping done!
2021-12-28 11:32:17,440 - INFO - Scrapping season 2015 ...
2021-12-28 11:32:17,440 - INFO - Scrapping season 2015 ...
2021-12-28 11:32:17,440 - INFO - Scrapping season 2015 ...
2021-12-28 11:32:17,440 - INFO - Scrapping season 2015 ...
2021-12-28 11:32:17,440 - INFO - Scrapping season 2015 ...
2021-12-28 11:32:17,440 - INFO - Scrapping season 2015 ...
2021-12-28 11:32:17,440 - INFO - Scrapping season 2015 ...
2021-12-28 11:32:17,440 - INFO - Scrapping season 2015 ...
2021-12-28 11:32:24,857 - INFO - 	 ... Scrapping done!
2021-12-28 11:32:24,857 - INFO - 	 ... Scrapping done!
2021-12-28 11:32:24,857 - INFO - 	 ... Scrapping done!
2021-12-28 11:32:24,857 - INFO - 	 ... Scrapping done!
2021-12-28 11:32:24,857 - INFO - 	 ... Scrapping done!
2021-12-28 11:32:24,857 - INFO - 	 ... Scrapping done!
2021-12-28 11:32:24,857 - INFO - 	 ... Scrapping done!
2021-12-28 11:32:24,857 - INFO - 	 ... Scrapping done!
2021-12-28 11:32:24,943 - INFO - Scrapping season 2016 ...
2021-12-28 11:32:24,943 - INFO - Scrapping season 2016 ...
2021-12-28 11:32:24,943 - INFO - Scrapping season 2016 ...
2021-12-28 11:32:24,943 - INFO - Scrapping season 2016 ...
2021-12-28 11:32:24,943 - INFO - Scrapping season 2016 ...
2021-12-28 11:32:24,943 - INFO - Scrapping season 2016 ...
2021-12-28 11:32:24,943 - INFO - Scrapping season 2016 ...
2021-12-28 11:32:24,943 - INFO - Scrapping season 2016 ...
2021-12-28 11:32:32,162 - INFO - 	 ... Scrapping done!
2021-12-28 11:32:32,162 - INFO - 	 ... Scrapping done!
2021-12-28 11:32:32,162 - INFO - 	 ... Scrapping done!
2021-12-28 11:32:32,162 - INFO - 	 ... Scrapping done!
2021-12-28 11:32:32,162 - INFO - 	 ... Scrapping done!
2021-12-28 11:32:32,162 - INFO - 	 ... Scrapping done!
2021-12-28 11:32:32,162 - INFO - 	 ... Scrapping done!
2021-12-28 11:32:32,162 - INFO - 	 ... Scrapping done!
2021-12-28 11:32:32,198 - INFO - Scrapping season 2017 ...
2021-12-28 11:32:32,198 - INFO - Scrapping season 2017 ...
2021-12-28 11:32:32,198 - INFO - Scrapping season 2017 ...
2021-12-28 11:32:32,198 - INFO - Scrapping season 2017 ...
2021-12-28 11:32:32,198 - INFO - Scrapping season 2017 ...
2021-12-28 11:32:32,198 - INFO - Scrapping season 2017 ...
2021-12-28 11:32:32,198 - INFO - Scrapping season 2017 ...
2021-12-28 11:32:32,198 - INFO - Scrapping season 2017 ...
2021-12-28 11:32:39,514 - INFO - 	 ... Scrapping done!
2021-12-28 11:32:39,514 - INFO - 	 ... Scrapping done!
2021-12-28 11:32:39,514 - INFO - 	 ... Scrapping done!
2021-12-28 11:32:39,514 - INFO - 	 ... Scrapping done!
2021-12-28 11:32:39,514 - INFO - 	 ... Scrapping done!
2021-12-28 11:32:39,514 - INFO - 	 ... Scrapping done!
2021-12-28 11:32:39,514 - INFO - 	 ... Scrapping done!
2021-12-28 11:32:39,514 - INFO - 	 ... Scrapping done!
2021-12-28 11:32:39,538 - INFO - Scrapping season 2018 ...
2021-12-28 11:32:39,538 - INFO - Scrapping season 2018 ...
2021-12-28 11:32:39,538 - INFO - Scrapping season 2018 ...
2021-12-28 11:32:39,538 - INFO - Scrapping season 2018 ...
2021-12-28 11:32:39,538 - INFO - Scrapping season 2018 ...
2021-12-28 11:32:39,538 - INFO - Scrapping season 2018 ...
2021-12-28 11:32:39,538 - INFO - Scrapping season 2018 ...
2021-12-28 11:32:39,538 - INFO - Scrapping season 2018 ...
2021-12-28 11:32:46,776 - INFO - 	 ... Scrapping done!
2021-12-28 11:32:46,776 - INFO - 	 ... Scrapping done!
2021-12-28 11:32:46,776 - INFO - 	 ... Scrapping done!
2021-12-28 11:32:46,776 - INFO - 	 ... Scrapping done!
2021-12-28 11:32:46,776 - INFO - 	 ... Scrapping done!
2021-12-28 11:32:46,776 - INFO - 	 ... Scrapping done!
2021-12-28 11:32:46,776 - INFO - 	 ... Scrapping done!
2021-12-28 11:32:46,776 - INFO - 	 ... Scrapping done!
2021-12-28 11:32:46,798 - INFO - Scrapping season 2019 ...
2021-12-28 11:32:46,798 - INFO - Scrapping season 2019 ...
2021-12-28 11:32:46,798 - INFO - Scrapping season 2019 ...
2021-12-28 11:32:46,798 - INFO - Scrapping season 2019 ...
2021-12-28 11:32:46,798 - INFO - Scrapping season 2019 ...
2021-12-28 11:32:46,798 - INFO - Scrapping season 2019 ...
2021-12-28 11:32:46,798 - INFO - Scrapping season 2019 ...
2021-12-28 11:32:46,798 - INFO - Scrapping season 2019 ...
2021-12-28 11:32:54,201 - INFO - 	 ... Scrapping done!
2021-12-28 11:32:54,201 - INFO - 	 ... Scrapping done!
2021-12-28 11:32:54,201 - INFO - 	 ... Scrapping done!
2021-12-28 11:32:54,201 - INFO - 	 ... Scrapping done!
2021-12-28 11:32:54,201 - INFO - 	 ... Scrapping done!
2021-12-28 11:32:54,201 - INFO - 	 ... Scrapping done!
2021-12-28 11:32:54,201 - INFO - 	 ... Scrapping done!
2021-12-28 11:32:54,201 - INFO - 	 ... Scrapping done!
2021-12-28 11:32:54,221 - INFO - Scrapping season 2020 ...
2021-12-28 11:32:54,221 - INFO - Scrapping season 2020 ...
2021-12-28 11:32:54,221 - INFO - Scrapping season 2020 ...
2021-12-28 11:32:54,221 - INFO - Scrapping season 2020 ...
2021-12-28 11:32:54,221 - INFO - Scrapping season 2020 ...
2021-12-28 11:32:54,221 - INFO - Scrapping season 2020 ...
2021-12-28 11:32:54,221 - INFO - Scrapping season 2020 ...
2021-12-28 11:32:54,221 - INFO - Scrapping season 2020 ...
2021-12-28 11:33:01,424 - INFO - 	 ... Scrapping done!
2021-12-28 11:33:01,424 - INFO - 	 ... Scrapping done!
2021-12-28 11:33:01,424 - INFO - 	 ... Scrapping done!
2021-12-28 11:33:01,424 - INFO - 	 ... Scrapping done!
2021-12-28 11:33:01,424 - INFO - 	 ... Scrapping done!
2021-12-28 11:33:01,424 - INFO - 	 ... Scrapping done!
2021-12-28 11:33:01,424 - INFO - 	 ... Scrapping done!
2021-12-28 11:33:01,424 - INFO - 	 ... Scrapping done!
2021-12-28 11:33:01,460 - INFO - Scrapping season 2021 ...
2021-12-28 11:33:01,460 - INFO - Scrapping season 2021 ...
2021-12-28 11:33:01,460 - INFO - Scrapping season 2021 ...
2021-12-28 11:33:01,460 - INFO - Scrapping season 2021 ...
2021-12-28 11:33:01,460 - INFO - Scrapping season 2021 ...
2021-12-28 11:33:01,460 - INFO - Scrapping season 2021 ...
2021-12-28 11:33:01,460 - INFO - Scrapping season 2021 ...
2021-12-28 11:33:01,460 - INFO - Scrapping season 2021 ...
2021-12-28 11:33:08,810 - INFO - 	 ... Scrapping done!
2021-12-28 11:33:08,810 - INFO - 	 ... Scrapping done!
2021-12-28 11:33:08,810 - INFO - 	 ... Scrapping done!
2021-12-28 11:33:08,810 - INFO - 	 ... Scrapping done!
2021-12-28 11:33:08,810 - INFO - 	 ... Scrapping done!
2021-12-28 11:33:08,810 - INFO - 	 ... Scrapping done!
2021-12-28 11:33:08,810 - INFO - 	 ... Scrapping done!
2021-12-28 11:33:08,810 - INFO - 	 ... Scrapping done!
2021-12-28 11:33:08,837 - INFO - Scrapping La liga ...
2021-12-28 11:33:08,837 - INFO - Scrapping La liga ...
2021-12-28 11:33:08,837 - INFO - Scrapping La liga ...
2021-12-28 11:33:08,837 - INFO - Scrapping La liga ...
2021-12-28 11:33:08,837 - INFO - Scrapping La liga ...
2021-12-28 11:33:08,837 - INFO - Scrapping La liga ...
2021-12-28 11:33:08,837 - INFO - Scrapping La liga ...
2021-12-28 11:33:08,837 - INFO - Scrapping La liga ...
2021-12-28 11:33:08,839 - INFO - Scrapping season 2014 ...
2021-12-28 11:33:08,839 - INFO - Scrapping season 2014 ...
2021-12-28 11:33:08,839 - INFO - Scrapping season 2014 ...
2021-12-28 11:33:08,839 - INFO - Scrapping season 2014 ...
2021-12-28 11:33:08,839 - INFO - Scrapping season 2014 ...
2021-12-28 11:33:08,839 - INFO - Scrapping season 2014 ...
2021-12-28 11:33:08,839 - INFO - Scrapping season 2014 ...
2021-12-28 11:33:08,839 - INFO - Scrapping season 2014 ...
2021-12-28 11:33:16,368 - INFO - 	 ... Scrapping done!
2021-12-28 11:33:16,368 - INFO - 	 ... Scrapping done!
2021-12-28 11:33:16,368 - INFO - 	 ... Scrapping done!
2021-12-28 11:33:16,368 - INFO - 	 ... Scrapping done!
2021-12-28 11:33:16,368 - INFO - 	 ... Scrapping done!
2021-12-28 11:33:16,368 - INFO - 	 ... Scrapping done!
2021-12-28 11:33:16,368 - INFO - 	 ... Scrapping done!
2021-12-28 11:33:16,368 - INFO - 	 ... Scrapping done!
2021-12-28 11:33:16,387 - INFO - Scrapping season 2015 ...
2021-12-28 11:33:16,387 - INFO - Scrapping season 2015 ...
2021-12-28 11:33:16,387 - INFO - Scrapping season 2015 ...
2021-12-28 11:33:16,387 - INFO - Scrapping season 2015 ...
2021-12-28 11:33:16,387 - INFO - Scrapping season 2015 ...
2021-12-28 11:33:16,387 - INFO - Scrapping season 2015 ...
2021-12-28 11:33:16,387 - INFO - Scrapping season 2015 ...
2021-12-28 11:33:16,387 - INFO - Scrapping season 2015 ...
2021-12-28 11:33:24,552 - INFO - 	 ... Scrapping done!
2021-12-28 11:33:24,552 - INFO - 	 ... Scrapping done!
2021-12-28 11:33:24,552 - INFO - 	 ... Scrapping done!
2021-12-28 11:33:24,552 - INFO - 	 ... Scrapping done!
2021-12-28 11:33:24,552 - INFO - 	 ... Scrapping done!
2021-12-28 11:33:24,552 - INFO - 	 ... Scrapping done!
2021-12-28 11:33:24,552 - INFO - 	 ... Scrapping done!
2021-12-28 11:33:24,552 - INFO - 	 ... Scrapping done!
2021-12-28 11:33:24,574 - INFO - Scrapping season 2016 ...
2021-12-28 11:33:24,574 - INFO - Scrapping season 2016 ...
2021-12-28 11:33:24,574 - INFO - Scrapping season 2016 ...
2021-12-28 11:33:24,574 - INFO - Scrapping season 2016 ...
2021-12-28 11:33:24,574 - INFO - Scrapping season 2016 ...
2021-12-28 11:33:24,574 - INFO - Scrapping season 2016 ...
2021-12-28 11:33:24,574 - INFO - Scrapping season 2016 ...
2021-12-28 11:33:24,574 - INFO - Scrapping season 2016 ...
2021-12-28 11:33:31,977 - INFO - 	 ... Scrapping done!
2021-12-28 11:33:31,977 - INFO - 	 ... Scrapping done!
2021-12-28 11:33:31,977 - INFO - 	 ... Scrapping done!
2021-12-28 11:33:31,977 - INFO - 	 ... Scrapping done!
2021-12-28 11:33:31,977 - INFO - 	 ... Scrapping done!
2021-12-28 11:33:31,977 - INFO - 	 ... Scrapping done!
2021-12-28 11:33:31,977 - INFO - 	 ... Scrapping done!
2021-12-28 11:33:31,977 - INFO - 	 ... Scrapping done!
2021-12-28 11:33:32,011 - INFO - Scrapping season 2017 ...
2021-12-28 11:33:32,011 - INFO - Scrapping season 2017 ...
2021-12-28 11:33:32,011 - INFO - Scrapping season 2017 ...
2021-12-28 11:33:32,011 - INFO - Scrapping season 2017 ...
2021-12-28 11:33:32,011 - INFO - Scrapping season 2017 ...
2021-12-28 11:33:32,011 - INFO - Scrapping season 2017 ...
2021-12-28 11:33:32,011 - INFO - Scrapping season 2017 ...
2021-12-28 11:33:32,011 - INFO - Scrapping season 2017 ...
2021-12-28 11:33:39,664 - INFO - 	 ... Scrapping done!
2021-12-28 11:33:39,664 - INFO - 	 ... Scrapping done!
2021-12-28 11:33:39,664 - INFO - 	 ... Scrapping done!
2021-12-28 11:33:39,664 - INFO - 	 ... Scrapping done!
2021-12-28 11:33:39,664 - INFO - 	 ... Scrapping done!
2021-12-28 11:33:39,664 - INFO - 	 ... Scrapping done!
2021-12-28 11:33:39,664 - INFO - 	 ... Scrapping done!
2021-12-28 11:33:39,664 - INFO - 	 ... Scrapping done!
2021-12-28 11:33:39,697 - INFO - Scrapping season 2018 ...
2021-12-28 11:33:39,697 - INFO - Scrapping season 2018 ...
2021-12-28 11:33:39,697 - INFO - Scrapping season 2018 ...
2021-12-28 11:33:39,697 - INFO - Scrapping season 2018 ...
2021-12-28 11:33:39,697 - INFO - Scrapping season 2018 ...
2021-12-28 11:33:39,697 - INFO - Scrapping season 2018 ...
2021-12-28 11:33:39,697 - INFO - Scrapping season 2018 ...
2021-12-28 11:33:39,697 - INFO - Scrapping season 2018 ...
2021-12-28 11:33:48,635 - INFO - 	 ... Scrapping done!
2021-12-28 11:33:48,635 - INFO - 	 ... Scrapping done!
2021-12-28 11:33:48,635 - INFO - 	 ... Scrapping done!
2021-12-28 11:33:48,635 - INFO - 	 ... Scrapping done!
2021-12-28 11:33:48,635 - INFO - 	 ... Scrapping done!
2021-12-28 11:33:48,635 - INFO - 	 ... Scrapping done!
2021-12-28 11:33:48,635 - INFO - 	 ... Scrapping done!
2021-12-28 11:33:48,635 - INFO - 	 ... Scrapping done!
2021-12-28 11:33:48,667 - INFO - Scrapping season 2019 ...
2021-12-28 11:33:48,667 - INFO - Scrapping season 2019 ...
2021-12-28 11:33:48,667 - INFO - Scrapping season 2019 ...
2021-12-28 11:33:48,667 - INFO - Scrapping season 2019 ...
2021-12-28 11:33:48,667 - INFO - Scrapping season 2019 ...
2021-12-28 11:33:48,667 - INFO - Scrapping season 2019 ...
2021-12-28 11:33:48,667 - INFO - Scrapping season 2019 ...
2021-12-28 11:33:48,667 - INFO - Scrapping season 2019 ...
2021-12-28 11:33:57,207 - INFO - 	 ... Scrapping done!
2021-12-28 11:33:57,207 - INFO - 	 ... Scrapping done!
2021-12-28 11:33:57,207 - INFO - 	 ... Scrapping done!
2021-12-28 11:33:57,207 - INFO - 	 ... Scrapping done!
2021-12-28 11:33:57,207 - INFO - 	 ... Scrapping done!
2021-12-28 11:33:57,207 - INFO - 	 ... Scrapping done!
2021-12-28 11:33:57,207 - INFO - 	 ... Scrapping done!
2021-12-28 11:33:57,207 - INFO - 	 ... Scrapping done!
2021-12-28 11:33:57,347 - INFO - Scrapping season 2020 ...
2021-12-28 11:33:57,347 - INFO - Scrapping season 2020 ...
2021-12-28 11:33:57,347 - INFO - Scrapping season 2020 ...
2021-12-28 11:33:57,347 - INFO - Scrapping season 2020 ...
2021-12-28 11:33:57,347 - INFO - Scrapping season 2020 ...
2021-12-28 11:33:57,347 - INFO - Scrapping season 2020 ...
2021-12-28 11:33:57,347 - INFO - Scrapping season 2020 ...
2021-12-28 11:33:57,347 - INFO - Scrapping season 2020 ...
2021-12-28 11:34:05,477 - INFO - 	 ... Scrapping done!
2021-12-28 11:34:05,477 - INFO - 	 ... Scrapping done!
2021-12-28 11:34:05,477 - INFO - 	 ... Scrapping done!
2021-12-28 11:34:05,477 - INFO - 	 ... Scrapping done!
2021-12-28 11:34:05,477 - INFO - 	 ... Scrapping done!
2021-12-28 11:34:05,477 - INFO - 	 ... Scrapping done!
2021-12-28 11:34:05,477 - INFO - 	 ... Scrapping done!
2021-12-28 11:34:05,477 - INFO - 	 ... Scrapping done!
2021-12-28 11:34:05,505 - INFO - Scrapping season 2021 ...
2021-12-28 11:34:05,505 - INFO - Scrapping season 2021 ...
2021-12-28 11:34:05,505 - INFO - Scrapping season 2021 ...
2021-12-28 11:34:05,505 - INFO - Scrapping season 2021 ...
2021-12-28 11:34:05,505 - INFO - Scrapping season 2021 ...
2021-12-28 11:34:05,505 - INFO - Scrapping season 2021 ...
2021-12-28 11:34:05,505 - INFO - Scrapping season 2021 ...
2021-12-28 11:34:05,505 - INFO - Scrapping season 2021 ...
2021-12-28 11:34:14,408 - INFO - 	 ... Scrapping done!
2021-12-28 11:34:14,408 - INFO - 	 ... Scrapping done!
2021-12-28 11:34:14,408 - INFO - 	 ... Scrapping done!
2021-12-28 11:34:14,408 - INFO - 	 ... Scrapping done!
2021-12-28 11:34:14,408 - INFO - 	 ... Scrapping done!
2021-12-28 11:34:14,408 - INFO - 	 ... Scrapping done!
2021-12-28 11:34:14,408 - INFO - 	 ... Scrapping done!
2021-12-28 11:34:14,408 - INFO - 	 ... Scrapping done!
2021-12-28 11:34:14,502 - INFO - Scrapping Bundesliga ...
2021-12-28 11:34:14,502 - INFO - Scrapping Bundesliga ...
2021-12-28 11:34:14,502 - INFO - Scrapping Bundesliga ...
2021-12-28 11:34:14,502 - INFO - Scrapping Bundesliga ...
2021-12-28 11:34:14,502 - INFO - Scrapping Bundesliga ...
2021-12-28 11:34:14,502 - INFO - Scrapping Bundesliga ...
2021-12-28 11:34:14,502 - INFO - Scrapping Bundesliga ...
2021-12-28 11:34:14,502 - INFO - Scrapping Bundesliga ...
2021-12-28 11:34:14,519 - INFO - Scrapping season 2014 ...
2021-12-28 11:34:14,519 - INFO - Scrapping season 2014 ...
2021-12-28 11:34:14,519 - INFO - Scrapping season 2014 ...
2021-12-28 11:34:14,519 - INFO - Scrapping season 2014 ...
2021-12-28 11:34:14,519 - INFO - Scrapping season 2014 ...
2021-12-28 11:34:14,519 - INFO - Scrapping season 2014 ...
2021-12-28 11:34:14,519 - INFO - Scrapping season 2014 ...
2021-12-28 11:34:14,519 - INFO - Scrapping season 2014 ...
2021-12-28 11:34:21,440 - INFO - 	 ... Scrapping done!
2021-12-28 11:34:21,440 - INFO - 	 ... Scrapping done!
2021-12-28 11:34:21,440 - INFO - 	 ... Scrapping done!
2021-12-28 11:34:21,440 - INFO - 	 ... Scrapping done!
2021-12-28 11:34:21,440 - INFO - 	 ... Scrapping done!
2021-12-28 11:34:21,440 - INFO - 	 ... Scrapping done!
2021-12-28 11:34:21,440 - INFO - 	 ... Scrapping done!
2021-12-28 11:34:21,440 - INFO - 	 ... Scrapping done!
2021-12-28 11:34:21,472 - INFO - Scrapping season 2015 ...
2021-12-28 11:34:21,472 - INFO - Scrapping season 2015 ...
2021-12-28 11:34:21,472 - INFO - Scrapping season 2015 ...
2021-12-28 11:34:21,472 - INFO - Scrapping season 2015 ...
2021-12-28 11:34:21,472 - INFO - Scrapping season 2015 ...
2021-12-28 11:34:21,472 - INFO - Scrapping season 2015 ...
2021-12-28 11:34:21,472 - INFO - Scrapping season 2015 ...
2021-12-28 11:34:21,472 - INFO - Scrapping season 2015 ...
2021-12-28 11:34:28,503 - INFO - 	 ... Scrapping done!
2021-12-28 11:34:28,503 - INFO - 	 ... Scrapping done!
2021-12-28 11:34:28,503 - INFO - 	 ... Scrapping done!
2021-12-28 11:34:28,503 - INFO - 	 ... Scrapping done!
2021-12-28 11:34:28,503 - INFO - 	 ... Scrapping done!
2021-12-28 11:34:28,503 - INFO - 	 ... Scrapping done!
2021-12-28 11:34:28,503 - INFO - 	 ... Scrapping done!
2021-12-28 11:34:28,503 - INFO - 	 ... Scrapping done!
2021-12-28 11:34:28,528 - INFO - Scrapping season 2016 ...
2021-12-28 11:34:28,528 - INFO - Scrapping season 2016 ...
2021-12-28 11:34:28,528 - INFO - Scrapping season 2016 ...
2021-12-28 11:34:28,528 - INFO - Scrapping season 2016 ...
2021-12-28 11:34:28,528 - INFO - Scrapping season 2016 ...
2021-12-28 11:34:28,528 - INFO - Scrapping season 2016 ...
2021-12-28 11:34:28,528 - INFO - Scrapping season 2016 ...
2021-12-28 11:34:28,528 - INFO - Scrapping season 2016 ...
2021-12-28 11:34:36,162 - INFO - 	 ... Scrapping done!
2021-12-28 11:34:36,162 - INFO - 	 ... Scrapping done!
2021-12-28 11:34:36,162 - INFO - 	 ... Scrapping done!
2021-12-28 11:34:36,162 - INFO - 	 ... Scrapping done!
2021-12-28 11:34:36,162 - INFO - 	 ... Scrapping done!
2021-12-28 11:34:36,162 - INFO - 	 ... Scrapping done!
2021-12-28 11:34:36,162 - INFO - 	 ... Scrapping done!
2021-12-28 11:34:36,162 - INFO - 	 ... Scrapping done!
2021-12-28 11:34:36,230 - INFO - Scrapping season 2017 ...
2021-12-28 11:34:36,230 - INFO - Scrapping season 2017 ...
2021-12-28 11:34:36,230 - INFO - Scrapping season 2017 ...
2021-12-28 11:34:36,230 - INFO - Scrapping season 2017 ...
2021-12-28 11:34:36,230 - INFO - Scrapping season 2017 ...
2021-12-28 11:34:36,230 - INFO - Scrapping season 2017 ...
2021-12-28 11:34:36,230 - INFO - Scrapping season 2017 ...
2021-12-28 11:34:36,230 - INFO - Scrapping season 2017 ...
2021-12-28 11:34:43,232 - INFO - 	 ... Scrapping done!
2021-12-28 11:34:43,232 - INFO - 	 ... Scrapping done!
2021-12-28 11:34:43,232 - INFO - 	 ... Scrapping done!
2021-12-28 11:34:43,232 - INFO - 	 ... Scrapping done!
2021-12-28 11:34:43,232 - INFO - 	 ... Scrapping done!
2021-12-28 11:34:43,232 - INFO - 	 ... Scrapping done!
2021-12-28 11:34:43,232 - INFO - 	 ... Scrapping done!
2021-12-28 11:34:43,232 - INFO - 	 ... Scrapping done!
2021-12-28 11:34:43,256 - INFO - Scrapping season 2018 ...
2021-12-28 11:34:43,256 - INFO - Scrapping season 2018 ...
2021-12-28 11:34:43,256 - INFO - Scrapping season 2018 ...
2021-12-28 11:34:43,256 - INFO - Scrapping season 2018 ...
2021-12-28 11:34:43,256 - INFO - Scrapping season 2018 ...
2021-12-28 11:34:43,256 - INFO - Scrapping season 2018 ...
2021-12-28 11:34:43,256 - INFO - Scrapping season 2018 ...
2021-12-28 11:34:43,256 - INFO - Scrapping season 2018 ...
2021-12-28 11:34:50,543 - INFO - 	 ... Scrapping done!
2021-12-28 11:34:50,543 - INFO - 	 ... Scrapping done!
2021-12-28 11:34:50,543 - INFO - 	 ... Scrapping done!
2021-12-28 11:34:50,543 - INFO - 	 ... Scrapping done!
2021-12-28 11:34:50,543 - INFO - 	 ... Scrapping done!
2021-12-28 11:34:50,543 - INFO - 	 ... Scrapping done!
2021-12-28 11:34:50,543 - INFO - 	 ... Scrapping done!
2021-12-28 11:34:50,543 - INFO - 	 ... Scrapping done!
2021-12-28 11:34:50,578 - INFO - Scrapping season 2019 ...
2021-12-28 11:34:50,578 - INFO - Scrapping season 2019 ...
2021-12-28 11:34:50,578 - INFO - Scrapping season 2019 ...
2021-12-28 11:34:50,578 - INFO - Scrapping season 2019 ...
2021-12-28 11:34:50,578 - INFO - Scrapping season 2019 ...
2021-12-28 11:34:50,578 - INFO - Scrapping season 2019 ...
2021-12-28 11:34:50,578 - INFO - Scrapping season 2019 ...
2021-12-28 11:34:50,578 - INFO - Scrapping season 2019 ...
2021-12-28 11:34:57,793 - INFO - 	 ... Scrapping done!
2021-12-28 11:34:57,793 - INFO - 	 ... Scrapping done!
2021-12-28 11:34:57,793 - INFO - 	 ... Scrapping done!
2021-12-28 11:34:57,793 - INFO - 	 ... Scrapping done!
2021-12-28 11:34:57,793 - INFO - 	 ... Scrapping done!
2021-12-28 11:34:57,793 - INFO - 	 ... Scrapping done!
2021-12-28 11:34:57,793 - INFO - 	 ... Scrapping done!
2021-12-28 11:34:57,793 - INFO - 	 ... Scrapping done!
2021-12-28 11:34:57,815 - INFO - Scrapping season 2020 ...
2021-12-28 11:34:57,815 - INFO - Scrapping season 2020 ...
2021-12-28 11:34:57,815 - INFO - Scrapping season 2020 ...
2021-12-28 11:34:57,815 - INFO - Scrapping season 2020 ...
2021-12-28 11:34:57,815 - INFO - Scrapping season 2020 ...
2021-12-28 11:34:57,815 - INFO - Scrapping season 2020 ...
2021-12-28 11:34:57,815 - INFO - Scrapping season 2020 ...
2021-12-28 11:34:57,815 - INFO - Scrapping season 2020 ...
2021-12-28 11:35:04,260 - INFO - 	 ... Scrapping done!
2021-12-28 11:35:04,260 - INFO - 	 ... Scrapping done!
2021-12-28 11:35:04,260 - INFO - 	 ... Scrapping done!
2021-12-28 11:35:04,260 - INFO - 	 ... Scrapping done!
2021-12-28 11:35:04,260 - INFO - 	 ... Scrapping done!
2021-12-28 11:35:04,260 - INFO - 	 ... Scrapping done!
2021-12-28 11:35:04,260 - INFO - 	 ... Scrapping done!
2021-12-28 11:35:04,260 - INFO - 	 ... Scrapping done!
2021-12-28 11:35:04,371 - INFO - Scrapping season 2021 ...
2021-12-28 11:35:04,371 - INFO - Scrapping season 2021 ...
2021-12-28 11:35:04,371 - INFO - Scrapping season 2021 ...
2021-12-28 11:35:04,371 - INFO - Scrapping season 2021 ...
2021-12-28 11:35:04,371 - INFO - Scrapping season 2021 ...
2021-12-28 11:35:04,371 - INFO - Scrapping season 2021 ...
2021-12-28 11:35:04,371 - INFO - Scrapping season 2021 ...
2021-12-28 11:35:04,371 - INFO - Scrapping season 2021 ...
2021-12-28 11:35:10,436 - INFO - 	 ... Scrapping done!
2021-12-28 11:35:10,436 - INFO - 	 ... Scrapping done!
2021-12-28 11:35:10,436 - INFO - 	 ... Scrapping done!
2021-12-28 11:35:10,436 - INFO - 	 ... Scrapping done!
2021-12-28 11:35:10,436 - INFO - 	 ... Scrapping done!
2021-12-28 11:35:10,436 - INFO - 	 ... Scrapping done!
2021-12-28 11:35:10,436 - INFO - 	 ... Scrapping done!
2021-12-28 11:35:10,436 - INFO - 	 ... Scrapping done!
2021-12-28 11:35:10,510 - INFO - Scrapping Serie A ...
2021-12-28 11:35:10,510 - INFO - Scrapping Serie A ...
2021-12-28 11:35:10,510 - INFO - Scrapping Serie A ...
2021-12-28 11:35:10,510 - INFO - Scrapping Serie A ...
2021-12-28 11:35:10,510 - INFO - Scrapping Serie A ...
2021-12-28 11:35:10,510 - INFO - Scrapping Serie A ...
2021-12-28 11:35:10,510 - INFO - Scrapping Serie A ...
2021-12-28 11:35:10,510 - INFO - Scrapping Serie A ...
2021-12-28 11:35:10,515 - INFO - Scrapping season 2014 ...
2021-12-28 11:35:10,515 - INFO - Scrapping season 2014 ...
2021-12-28 11:35:10,515 - INFO - Scrapping season 2014 ...
2021-12-28 11:35:10,515 - INFO - Scrapping season 2014 ...
2021-12-28 11:35:10,515 - INFO - Scrapping season 2014 ...
2021-12-28 11:35:10,515 - INFO - Scrapping season 2014 ...
2021-12-28 11:35:10,515 - INFO - Scrapping season 2014 ...
2021-12-28 11:35:10,515 - INFO - Scrapping season 2014 ...
2021-12-28 11:35:18,846 - INFO - 	 ... Scrapping done!
2021-12-28 11:35:18,846 - INFO - 	 ... Scrapping done!
2021-12-28 11:35:18,846 - INFO - 	 ... Scrapping done!
2021-12-28 11:35:18,846 - INFO - 	 ... Scrapping done!
2021-12-28 11:35:18,846 - INFO - 	 ... Scrapping done!
2021-12-28 11:35:18,846 - INFO - 	 ... Scrapping done!
2021-12-28 11:35:18,846 - INFO - 	 ... Scrapping done!
2021-12-28 11:35:18,846 - INFO - 	 ... Scrapping done!
2021-12-28 11:35:18,879 - INFO - Scrapping season 2015 ...
2021-12-28 11:35:18,879 - INFO - Scrapping season 2015 ...
2021-12-28 11:35:18,879 - INFO - Scrapping season 2015 ...
2021-12-28 11:35:18,879 - INFO - Scrapping season 2015 ...
2021-12-28 11:35:18,879 - INFO - Scrapping season 2015 ...
2021-12-28 11:35:18,879 - INFO - Scrapping season 2015 ...
2021-12-28 11:35:18,879 - INFO - Scrapping season 2015 ...
2021-12-28 11:35:18,879 - INFO - Scrapping season 2015 ...
2021-12-28 11:35:27,203 - INFO - 	 ... Scrapping done!
2021-12-28 11:35:27,203 - INFO - 	 ... Scrapping done!
2021-12-28 11:35:27,203 - INFO - 	 ... Scrapping done!
2021-12-28 11:35:27,203 - INFO - 	 ... Scrapping done!
2021-12-28 11:35:27,203 - INFO - 	 ... Scrapping done!
2021-12-28 11:35:27,203 - INFO - 	 ... Scrapping done!
2021-12-28 11:35:27,203 - INFO - 	 ... Scrapping done!
2021-12-28 11:35:27,203 - INFO - 	 ... Scrapping done!
2021-12-28 11:35:27,226 - INFO - Scrapping season 2016 ...
2021-12-28 11:35:27,226 - INFO - Scrapping season 2016 ...
2021-12-28 11:35:27,226 - INFO - Scrapping season 2016 ...
2021-12-28 11:35:27,226 - INFO - Scrapping season 2016 ...
2021-12-28 11:35:27,226 - INFO - Scrapping season 2016 ...
2021-12-28 11:35:27,226 - INFO - Scrapping season 2016 ...
2021-12-28 11:35:27,226 - INFO - Scrapping season 2016 ...
2021-12-28 11:35:27,226 - INFO - Scrapping season 2016 ...
2021-12-28 11:35:35,743 - INFO - 	 ... Scrapping done!
2021-12-28 11:35:35,743 - INFO - 	 ... Scrapping done!
2021-12-28 11:35:35,743 - INFO - 	 ... Scrapping done!
2021-12-28 11:35:35,743 - INFO - 	 ... Scrapping done!
2021-12-28 11:35:35,743 - INFO - 	 ... Scrapping done!
2021-12-28 11:35:35,743 - INFO - 	 ... Scrapping done!
2021-12-28 11:35:35,743 - INFO - 	 ... Scrapping done!
2021-12-28 11:35:35,743 - INFO - 	 ... Scrapping done!
2021-12-28 11:35:35,783 - INFO - Scrapping season 2017 ...
2021-12-28 11:35:35,783 - INFO - Scrapping season 2017 ...
2021-12-28 11:35:35,783 - INFO - Scrapping season 2017 ...
2021-12-28 11:35:35,783 - INFO - Scrapping season 2017 ...
2021-12-28 11:35:35,783 - INFO - Scrapping season 2017 ...
2021-12-28 11:35:35,783 - INFO - Scrapping season 2017 ...
2021-12-28 11:35:35,783 - INFO - Scrapping season 2017 ...
2021-12-28 11:35:35,783 - INFO - Scrapping season 2017 ...
2021-12-28 11:35:43,345 - INFO - 	 ... Scrapping done!
2021-12-28 11:35:43,345 - INFO - 	 ... Scrapping done!
2021-12-28 11:35:43,345 - INFO - 	 ... Scrapping done!
2021-12-28 11:35:43,345 - INFO - 	 ... Scrapping done!
2021-12-28 11:35:43,345 - INFO - 	 ... Scrapping done!
2021-12-28 11:35:43,345 - INFO - 	 ... Scrapping done!
2021-12-28 11:35:43,345 - INFO - 	 ... Scrapping done!
2021-12-28 11:35:43,345 - INFO - 	 ... Scrapping done!
2021-12-28 11:35:43,636 - INFO - Scrapping season 2018 ...
2021-12-28 11:35:43,636 - INFO - Scrapping season 2018 ...
2021-12-28 11:35:43,636 - INFO - Scrapping season 2018 ...
2021-12-28 11:35:43,636 - INFO - Scrapping season 2018 ...
2021-12-28 11:35:43,636 - INFO - Scrapping season 2018 ...
2021-12-28 11:35:43,636 - INFO - Scrapping season 2018 ...
2021-12-28 11:35:43,636 - INFO - Scrapping season 2018 ...
2021-12-28 11:35:43,636 - INFO - Scrapping season 2018 ...
2021-12-28 11:35:51,462 - INFO - 	 ... Scrapping done!
2021-12-28 11:35:51,462 - INFO - 	 ... Scrapping done!
2021-12-28 11:35:51,462 - INFO - 	 ... Scrapping done!
2021-12-28 11:35:51,462 - INFO - 	 ... Scrapping done!
2021-12-28 11:35:51,462 - INFO - 	 ... Scrapping done!
2021-12-28 11:35:51,462 - INFO - 	 ... Scrapping done!
2021-12-28 11:35:51,462 - INFO - 	 ... Scrapping done!
2021-12-28 11:35:51,462 - INFO - 	 ... Scrapping done!
2021-12-28 11:35:51,494 - INFO - Scrapping season 2019 ...
2021-12-28 11:35:51,494 - INFO - Scrapping season 2019 ...
2021-12-28 11:35:51,494 - INFO - Scrapping season 2019 ...
2021-12-28 11:35:51,494 - INFO - Scrapping season 2019 ...
2021-12-28 11:35:51,494 - INFO - Scrapping season 2019 ...
2021-12-28 11:35:51,494 - INFO - Scrapping season 2019 ...
2021-12-28 11:35:51,494 - INFO - Scrapping season 2019 ...
2021-12-28 11:35:51,494 - INFO - Scrapping season 2019 ...
2021-12-28 11:35:59,721 - INFO - 	 ... Scrapping done!
2021-12-28 11:35:59,721 - INFO - 	 ... Scrapping done!
2021-12-28 11:35:59,721 - INFO - 	 ... Scrapping done!
2021-12-28 11:35:59,721 - INFO - 	 ... Scrapping done!
2021-12-28 11:35:59,721 - INFO - 	 ... Scrapping done!
2021-12-28 11:35:59,721 - INFO - 	 ... Scrapping done!
2021-12-28 11:35:59,721 - INFO - 	 ... Scrapping done!
2021-12-28 11:35:59,721 - INFO - 	 ... Scrapping done!
2021-12-28 11:35:59,750 - INFO - Scrapping season 2020 ...
2021-12-28 11:35:59,750 - INFO - Scrapping season 2020 ...
2021-12-28 11:35:59,750 - INFO - Scrapping season 2020 ...
2021-12-28 11:35:59,750 - INFO - Scrapping season 2020 ...
2021-12-28 11:35:59,750 - INFO - Scrapping season 2020 ...
2021-12-28 11:35:59,750 - INFO - Scrapping season 2020 ...
2021-12-28 11:35:59,750 - INFO - Scrapping season 2020 ...
2021-12-28 11:35:59,750 - INFO - Scrapping season 2020 ...
2021-12-28 11:36:07,409 - INFO - 	 ... Scrapping done!
2021-12-28 11:36:07,409 - INFO - 	 ... Scrapping done!
2021-12-28 11:36:07,409 - INFO - 	 ... Scrapping done!
2021-12-28 11:36:07,409 - INFO - 	 ... Scrapping done!
2021-12-28 11:36:07,409 - INFO - 	 ... Scrapping done!
2021-12-28 11:36:07,409 - INFO - 	 ... Scrapping done!
2021-12-28 11:36:07,409 - INFO - 	 ... Scrapping done!
2021-12-28 11:36:07,409 - INFO - 	 ... Scrapping done!
2021-12-28 11:36:07,512 - INFO - Scrapping season 2021 ...
2021-12-28 11:36:07,512 - INFO - Scrapping season 2021 ...
2021-12-28 11:36:07,512 - INFO - Scrapping season 2021 ...
2021-12-28 11:36:07,512 - INFO - Scrapping season 2021 ...
2021-12-28 11:36:07,512 - INFO - Scrapping season 2021 ...
2021-12-28 11:36:07,512 - INFO - Scrapping season 2021 ...
2021-12-28 11:36:07,512 - INFO - Scrapping season 2021 ...
2021-12-28 11:36:07,512 - INFO - Scrapping season 2021 ...
2021-12-28 11:36:14,516 - INFO - 	 ... Scrapping done!
2021-12-28 11:36:14,516 - INFO - 	 ... Scrapping done!
2021-12-28 11:36:14,516 - INFO - 	 ... Scrapping done!
2021-12-28 11:36:14,516 - INFO - 	 ... Scrapping done!
2021-12-28 11:36:14,516 - INFO - 	 ... Scrapping done!
2021-12-28 11:36:14,516 - INFO - 	 ... Scrapping done!
2021-12-28 11:36:14,516 - INFO - 	 ... Scrapping done!
2021-12-28 11:36:14,516 - INFO - 	 ... Scrapping done!
2021-12-28 11:36:14,571 - INFO - Scrapping Ligue 1 ...
2021-12-28 11:36:14,571 - INFO - Scrapping Ligue 1 ...
2021-12-28 11:36:14,571 - INFO - Scrapping Ligue 1 ...
2021-12-28 11:36:14,571 - INFO - Scrapping Ligue 1 ...
2021-12-28 11:36:14,571 - INFO - Scrapping Ligue 1 ...
2021-12-28 11:36:14,571 - INFO - Scrapping Ligue 1 ...
2021-12-28 11:36:14,571 - INFO - Scrapping Ligue 1 ...
2021-12-28 11:36:14,571 - INFO - Scrapping Ligue 1 ...
2021-12-28 11:36:14,572 - INFO - Scrapping season 2014 ...
2021-12-28 11:36:14,572 - INFO - Scrapping season 2014 ...
2021-12-28 11:36:14,572 - INFO - Scrapping season 2014 ...
2021-12-28 11:36:14,572 - INFO - Scrapping season 2014 ...
2021-12-28 11:36:14,572 - INFO - Scrapping season 2014 ...
2021-12-28 11:36:14,572 - INFO - Scrapping season 2014 ...
2021-12-28 11:36:14,572 - INFO - Scrapping season 2014 ...
2021-12-28 11:36:14,572 - INFO - Scrapping season 2014 ...
2021-12-28 11:36:21,949 - INFO - 	 ... Scrapping done!
2021-12-28 11:36:21,949 - INFO - 	 ... Scrapping done!
2021-12-28 11:36:21,949 - INFO - 	 ... Scrapping done!
2021-12-28 11:36:21,949 - INFO - 	 ... Scrapping done!
2021-12-28 11:36:21,949 - INFO - 	 ... Scrapping done!
2021-12-28 11:36:21,949 - INFO - 	 ... Scrapping done!
2021-12-28 11:36:21,949 - INFO - 	 ... Scrapping done!
2021-12-28 11:36:21,949 - INFO - 	 ... Scrapping done!
2021-12-28 11:36:22,060 - INFO - Scrapping season 2015 ...
2021-12-28 11:36:22,060 - INFO - Scrapping season 2015 ...
2021-12-28 11:36:22,060 - INFO - Scrapping season 2015 ...
2021-12-28 11:36:22,060 - INFO - Scrapping season 2015 ...
2021-12-28 11:36:22,060 - INFO - Scrapping season 2015 ...
2021-12-28 11:36:22,060 - INFO - Scrapping season 2015 ...
2021-12-28 11:36:22,060 - INFO - Scrapping season 2015 ...
2021-12-28 11:36:22,060 - INFO - Scrapping season 2015 ...
2021-12-28 11:36:30,783 - INFO - 	 ... Scrapping done!
2021-12-28 11:36:30,783 - INFO - 	 ... Scrapping done!
2021-12-28 11:36:30,783 - INFO - 	 ... Scrapping done!
2021-12-28 11:36:30,783 - INFO - 	 ... Scrapping done!
2021-12-28 11:36:30,783 - INFO - 	 ... Scrapping done!
2021-12-28 11:36:30,783 - INFO - 	 ... Scrapping done!
2021-12-28 11:36:30,783 - INFO - 	 ... Scrapping done!
2021-12-28 11:36:30,783 - INFO - 	 ... Scrapping done!
2021-12-28 11:36:31,124 - INFO - Scrapping season 2016 ...
2021-12-28 11:36:31,124 - INFO - Scrapping season 2016 ...
2021-12-28 11:36:31,124 - INFO - Scrapping season 2016 ...
2021-12-28 11:36:31,124 - INFO - Scrapping season 2016 ...
2021-12-28 11:36:31,124 - INFO - Scrapping season 2016 ...
2021-12-28 11:36:31,124 - INFO - Scrapping season 2016 ...
2021-12-28 11:36:31,124 - INFO - Scrapping season 2016 ...
2021-12-28 11:36:31,124 - INFO - Scrapping season 2016 ...
2021-12-28 11:36:37,860 - INFO - 	 ... Scrapping done!
2021-12-28 11:36:37,860 - INFO - 	 ... Scrapping done!
2021-12-28 11:36:37,860 - INFO - 	 ... Scrapping done!
2021-12-28 11:36:37,860 - INFO - 	 ... Scrapping done!
2021-12-28 11:36:37,860 - INFO - 	 ... Scrapping done!
2021-12-28 11:36:37,860 - INFO - 	 ... Scrapping done!
2021-12-28 11:36:37,860 - INFO - 	 ... Scrapping done!
2021-12-28 11:36:37,860 - INFO - 	 ... Scrapping done!
2021-12-28 11:36:37,898 - INFO - Scrapping season 2017 ...
2021-12-28 11:36:37,898 - INFO - Scrapping season 2017 ...
2021-12-28 11:36:37,898 - INFO - Scrapping season 2017 ...
2021-12-28 11:36:37,898 - INFO - Scrapping season 2017 ...
2021-12-28 11:36:37,898 - INFO - Scrapping season 2017 ...
2021-12-28 11:36:37,898 - INFO - Scrapping season 2017 ...
2021-12-28 11:36:37,898 - INFO - Scrapping season 2017 ...
2021-12-28 11:36:37,898 - INFO - Scrapping season 2017 ...
2021-12-28 11:36:44,838 - INFO - 	 ... Scrapping done!
2021-12-28 11:36:44,838 - INFO - 	 ... Scrapping done!
2021-12-28 11:36:44,838 - INFO - 	 ... Scrapping done!
2021-12-28 11:36:44,838 - INFO - 	 ... Scrapping done!
2021-12-28 11:36:44,838 - INFO - 	 ... Scrapping done!
2021-12-28 11:36:44,838 - INFO - 	 ... Scrapping done!
2021-12-28 11:36:44,838 - INFO - 	 ... Scrapping done!
2021-12-28 11:36:44,838 - INFO - 	 ... Scrapping done!
2021-12-28 11:36:44,890 - INFO - Scrapping season 2018 ...
2021-12-28 11:36:44,890 - INFO - Scrapping season 2018 ...
2021-12-28 11:36:44,890 - INFO - Scrapping season 2018 ...
2021-12-28 11:36:44,890 - INFO - Scrapping season 2018 ...
2021-12-28 11:36:44,890 - INFO - Scrapping season 2018 ...
2021-12-28 11:36:44,890 - INFO - Scrapping season 2018 ...
2021-12-28 11:36:44,890 - INFO - Scrapping season 2018 ...
2021-12-28 11:36:44,890 - INFO - Scrapping season 2018 ...
2021-12-28 11:36:53,296 - INFO - 	 ... Scrapping done!
2021-12-28 11:36:53,296 - INFO - 	 ... Scrapping done!
2021-12-28 11:36:53,296 - INFO - 	 ... Scrapping done!
2021-12-28 11:36:53,296 - INFO - 	 ... Scrapping done!
2021-12-28 11:36:53,296 - INFO - 	 ... Scrapping done!
2021-12-28 11:36:53,296 - INFO - 	 ... Scrapping done!
2021-12-28 11:36:53,296 - INFO - 	 ... Scrapping done!
2021-12-28 11:36:53,296 - INFO - 	 ... Scrapping done!
2021-12-28 11:36:53,321 - INFO - Scrapping season 2019 ...
2021-12-28 11:36:53,321 - INFO - Scrapping season 2019 ...
2021-12-28 11:36:53,321 - INFO - Scrapping season 2019 ...
2021-12-28 11:36:53,321 - INFO - Scrapping season 2019 ...
2021-12-28 11:36:53,321 - INFO - Scrapping season 2019 ...
2021-12-28 11:36:53,321 - INFO - Scrapping season 2019 ...
2021-12-28 11:36:53,321 - INFO - Scrapping season 2019 ...
2021-12-28 11:36:53,321 - INFO - Scrapping season 2019 ...
2021-12-28 11:37:00,508 - INFO - 	 ... Scrapping done!
2021-12-28 11:37:00,508 - INFO - 	 ... Scrapping done!
2021-12-28 11:37:00,508 - INFO - 	 ... Scrapping done!
2021-12-28 11:37:00,508 - INFO - 	 ... Scrapping done!
2021-12-28 11:37:00,508 - INFO - 	 ... Scrapping done!
2021-12-28 11:37:00,508 - INFO - 	 ... Scrapping done!
2021-12-28 11:37:00,508 - INFO - 	 ... Scrapping done!
2021-12-28 11:37:00,508 - INFO - 	 ... Scrapping done!
2021-12-28 11:37:00,535 - INFO - Scrapping season 2020 ...
2021-12-28 11:37:00,535 - INFO - Scrapping season 2020 ...
2021-12-28 11:37:00,535 - INFO - Scrapping season 2020 ...
2021-12-28 11:37:00,535 - INFO - Scrapping season 2020 ...
2021-12-28 11:37:00,535 - INFO - Scrapping season 2020 ...
2021-12-28 11:37:00,535 - INFO - Scrapping season 2020 ...
2021-12-28 11:37:00,535 - INFO - Scrapping season 2020 ...
2021-12-28 11:37:00,535 - INFO - Scrapping season 2020 ...
2021-12-28 11:37:09,967 - INFO - 	 ... Scrapping done!
2021-12-28 11:37:09,967 - INFO - 	 ... Scrapping done!
2021-12-28 11:37:09,967 - INFO - 	 ... Scrapping done!
2021-12-28 11:37:09,967 - INFO - 	 ... Scrapping done!
2021-12-28 11:37:09,967 - INFO - 	 ... Scrapping done!
2021-12-28 11:37:09,967 - INFO - 	 ... Scrapping done!
2021-12-28 11:37:09,967 - INFO - 	 ... Scrapping done!
2021-12-28 11:37:09,967 - INFO - 	 ... Scrapping done!
2021-12-28 11:37:10,002 - INFO - Scrapping season 2021 ...
2021-12-28 11:37:10,002 - INFO - Scrapping season 2021 ...
2021-12-28 11:37:10,002 - INFO - Scrapping season 2021 ...
2021-12-28 11:37:10,002 - INFO - Scrapping season 2021 ...
2021-12-28 11:37:10,002 - INFO - Scrapping season 2021 ...
2021-12-28 11:37:10,002 - INFO - Scrapping season 2021 ...
2021-12-28 11:37:10,002 - INFO - Scrapping season 2021 ...
2021-12-28 11:37:10,002 - INFO - Scrapping season 2021 ...
2021-12-28 11:37:17,424 - INFO - 	 ... Scrapping done!
2021-12-28 11:37:17,424 - INFO - 	 ... Scrapping done!
2021-12-28 11:37:17,424 - INFO - 	 ... Scrapping done!
2021-12-28 11:37:17,424 - INFO - 	 ... Scrapping done!
2021-12-28 11:37:17,424 - INFO - 	 ... Scrapping done!
2021-12-28 11:37:17,424 - INFO - 	 ... Scrapping done!
2021-12-28 11:37:17,424 - INFO - 	 ... Scrapping done!
2021-12-28 11:37:17,424 - INFO - 	 ... Scrapping done!
2021-12-28 11:37:17,489 - INFO - Scrapping RFPL ...
2021-12-28 11:37:17,489 - INFO - Scrapping RFPL ...
2021-12-28 11:37:17,489 - INFO - Scrapping RFPL ...
2021-12-28 11:37:17,489 - INFO - Scrapping RFPL ...
2021-12-28 11:37:17,489 - INFO - Scrapping RFPL ...
2021-12-28 11:37:17,489 - INFO - Scrapping RFPL ...
2021-12-28 11:37:17,489 - INFO - Scrapping RFPL ...
2021-12-28 11:37:17,489 - INFO - Scrapping RFPL ...
2021-12-28 11:37:17,524 - INFO - Scrapping season 2014 ...
2021-12-28 11:37:17,524 - INFO - Scrapping season 2014 ...
2021-12-28 11:37:17,524 - INFO - Scrapping season 2014 ...
2021-12-28 11:37:17,524 - INFO - Scrapping season 2014 ...
2021-12-28 11:37:17,524 - INFO - Scrapping season 2014 ...
2021-12-28 11:37:17,524 - INFO - Scrapping season 2014 ...
2021-12-28 11:37:17,524 - INFO - Scrapping season 2014 ...
2021-12-28 11:37:17,524 - INFO - Scrapping season 2014 ...
2021-12-28 11:37:24,574 - INFO - 	 ... Scrapping done!
2021-12-28 11:37:24,574 - INFO - 	 ... Scrapping done!
2021-12-28 11:37:24,574 - INFO - 	 ... Scrapping done!
2021-12-28 11:37:24,574 - INFO - 	 ... Scrapping done!
2021-12-28 11:37:24,574 - INFO - 	 ... Scrapping done!
2021-12-28 11:37:24,574 - INFO - 	 ... Scrapping done!
2021-12-28 11:37:24,574 - INFO - 	 ... Scrapping done!
2021-12-28 11:37:24,574 - INFO - 	 ... Scrapping done!
2021-12-28 11:37:24,597 - INFO - Scrapping season 2015 ...
2021-12-28 11:37:24,597 - INFO - Scrapping season 2015 ...
2021-12-28 11:37:24,597 - INFO - Scrapping season 2015 ...
2021-12-28 11:37:24,597 - INFO - Scrapping season 2015 ...
2021-12-28 11:37:24,597 - INFO - Scrapping season 2015 ...
2021-12-28 11:37:24,597 - INFO - Scrapping season 2015 ...
2021-12-28 11:37:24,597 - INFO - Scrapping season 2015 ...
2021-12-28 11:37:24,597 - INFO - Scrapping season 2015 ...
2021-12-28 11:37:39,753 - INFO - 	 ... Scrapping done!
2021-12-28 11:37:39,753 - INFO - 	 ... Scrapping done!
2021-12-28 11:37:39,753 - INFO - 	 ... Scrapping done!
2021-12-28 11:37:39,753 - INFO - 	 ... Scrapping done!
2021-12-28 11:37:39,753 - INFO - 	 ... Scrapping done!
2021-12-28 11:37:39,753 - INFO - 	 ... Scrapping done!
2021-12-28 11:37:39,753 - INFO - 	 ... Scrapping done!
2021-12-28 11:37:39,753 - INFO - 	 ... Scrapping done!
2021-12-28 11:37:39,869 - INFO - Scrapping season 2016 ...
2021-12-28 11:37:39,869 - INFO - Scrapping season 2016 ...
2021-12-28 11:37:39,869 - INFO - Scrapping season 2016 ...
2021-12-28 11:37:39,869 - INFO - Scrapping season 2016 ...
2021-12-28 11:37:39,869 - INFO - Scrapping season 2016 ...
2021-12-28 11:37:39,869 - INFO - Scrapping season 2016 ...
2021-12-28 11:37:39,869 - INFO - Scrapping season 2016 ...
2021-12-28 11:37:39,869 - INFO - Scrapping season 2016 ...
2021-12-28 11:37:57,211 - INFO - 	 ... Scrapping done!
2021-12-28 11:37:57,211 - INFO - 	 ... Scrapping done!
2021-12-28 11:37:57,211 - INFO - 	 ... Scrapping done!
2021-12-28 11:37:57,211 - INFO - 	 ... Scrapping done!
2021-12-28 11:37:57,211 - INFO - 	 ... Scrapping done!
2021-12-28 11:37:57,211 - INFO - 	 ... Scrapping done!
2021-12-28 11:37:57,211 - INFO - 	 ... Scrapping done!
2021-12-28 11:37:57,211 - INFO - 	 ... Scrapping done!
2021-12-28 11:37:57,233 - INFO - Scrapping season 2017 ...
2021-12-28 11:37:57,233 - INFO - Scrapping season 2017 ...
2021-12-28 11:37:57,233 - INFO - Scrapping season 2017 ...
2021-12-28 11:37:57,233 - INFO - Scrapping season 2017 ...
2021-12-28 11:37:57,233 - INFO - Scrapping season 2017 ...
2021-12-28 11:37:57,233 - INFO - Scrapping season 2017 ...
2021-12-28 11:37:57,233 - INFO - Scrapping season 2017 ...
2021-12-28 11:37:57,233 - INFO - Scrapping season 2017 ...
2021-12-28 11:38:04,457 - INFO - 	 ... Scrapping done!
2021-12-28 11:38:04,457 - INFO - 	 ... Scrapping done!
2021-12-28 11:38:04,457 - INFO - 	 ... Scrapping done!
2021-12-28 11:38:04,457 - INFO - 	 ... Scrapping done!
2021-12-28 11:38:04,457 - INFO - 	 ... Scrapping done!
2021-12-28 11:38:04,457 - INFO - 	 ... Scrapping done!
2021-12-28 11:38:04,457 - INFO - 	 ... Scrapping done!
2021-12-28 11:38:04,457 - INFO - 	 ... Scrapping done!
2021-12-28 11:38:04,485 - INFO - Scrapping season 2018 ...
2021-12-28 11:38:04,485 - INFO - Scrapping season 2018 ...
2021-12-28 11:38:04,485 - INFO - Scrapping season 2018 ...
2021-12-28 11:38:04,485 - INFO - Scrapping season 2018 ...
2021-12-28 11:38:04,485 - INFO - Scrapping season 2018 ...
2021-12-28 11:38:04,485 - INFO - Scrapping season 2018 ...
2021-12-28 11:38:04,485 - INFO - Scrapping season 2018 ...
2021-12-28 11:38:04,485 - INFO - Scrapping season 2018 ...
2021-12-28 11:38:11,973 - INFO - 	 ... Scrapping done!
2021-12-28 11:38:11,973 - INFO - 	 ... Scrapping done!
2021-12-28 11:38:11,973 - INFO - 	 ... Scrapping done!
2021-12-28 11:38:11,973 - INFO - 	 ... Scrapping done!
2021-12-28 11:38:11,973 - INFO - 	 ... Scrapping done!
2021-12-28 11:38:11,973 - INFO - 	 ... Scrapping done!
2021-12-28 11:38:11,973 - INFO - 	 ... Scrapping done!
2021-12-28 11:38:11,973 - INFO - 	 ... Scrapping done!
2021-12-28 11:38:12,070 - INFO - Scrapping season 2019 ...
2021-12-28 11:38:12,070 - INFO - Scrapping season 2019 ...
2021-12-28 11:38:12,070 - INFO - Scrapping season 2019 ...
2021-12-28 11:38:12,070 - INFO - Scrapping season 2019 ...
2021-12-28 11:38:12,070 - INFO - Scrapping season 2019 ...
2021-12-28 11:38:12,070 - INFO - Scrapping season 2019 ...
2021-12-28 11:38:12,070 - INFO - Scrapping season 2019 ...
2021-12-28 11:38:12,070 - INFO - Scrapping season 2019 ...
2021-12-28 11:38:19,216 - INFO - 	 ... Scrapping done!
2021-12-28 11:38:19,216 - INFO - 	 ... Scrapping done!
2021-12-28 11:38:19,216 - INFO - 	 ... Scrapping done!
2021-12-28 11:38:19,216 - INFO - 	 ... Scrapping done!
2021-12-28 11:38:19,216 - INFO - 	 ... Scrapping done!
2021-12-28 11:38:19,216 - INFO - 	 ... Scrapping done!
2021-12-28 11:38:19,216 - INFO - 	 ... Scrapping done!
2021-12-28 11:38:19,216 - INFO - 	 ... Scrapping done!
2021-12-28 11:38:19,249 - INFO - Scrapping season 2020 ...
2021-12-28 11:38:19,249 - INFO - Scrapping season 2020 ...
2021-12-28 11:38:19,249 - INFO - Scrapping season 2020 ...
2021-12-28 11:38:19,249 - INFO - Scrapping season 2020 ...
2021-12-28 11:38:19,249 - INFO - Scrapping season 2020 ...
2021-12-28 11:38:19,249 - INFO - Scrapping season 2020 ...
2021-12-28 11:38:19,249 - INFO - Scrapping season 2020 ...
2021-12-28 11:38:19,249 - INFO - Scrapping season 2020 ...
2021-12-28 11:38:26,548 - INFO - 	 ... Scrapping done!
2021-12-28 11:38:26,548 - INFO - 	 ... Scrapping done!
2021-12-28 11:38:26,548 - INFO - 	 ... Scrapping done!
2021-12-28 11:38:26,548 - INFO - 	 ... Scrapping done!
2021-12-28 11:38:26,548 - INFO - 	 ... Scrapping done!
2021-12-28 11:38:26,548 - INFO - 	 ... Scrapping done!
2021-12-28 11:38:26,548 - INFO - 	 ... Scrapping done!
2021-12-28 11:38:26,548 - INFO - 	 ... Scrapping done!
2021-12-28 11:38:26,571 - INFO - Scrapping season 2021 ...
2021-12-28 11:38:26,571 - INFO - Scrapping season 2021 ...
2021-12-28 11:38:26,571 - INFO - Scrapping season 2021 ...
2021-12-28 11:38:26,571 - INFO - Scrapping season 2021 ...
2021-12-28 11:38:26,571 - INFO - Scrapping season 2021 ...
2021-12-28 11:38:26,571 - INFO - Scrapping season 2021 ...
2021-12-28 11:38:26,571 - INFO - Scrapping season 2021 ...
2021-12-28 11:38:26,571 - INFO - Scrapping season 2021 ...
2021-12-28 11:38:32,869 - INFO - 	 ... Scrapping done!
2021-12-28 11:38:32,869 - INFO - 	 ... Scrapping done!
2021-12-28 11:38:32,869 - INFO - 	 ... Scrapping done!
2021-12-28 11:38:32,869 - INFO - 	 ... Scrapping done!
2021-12-28 11:38:32,869 - INFO - 	 ... Scrapping done!
2021-12-28 11:38:32,869 - INFO - 	 ... Scrapping done!
2021-12-28 11:38:32,869 - INFO - 	 ... Scrapping done!
2021-12-28 11:38:32,869 - INFO - 	 ... Scrapping done!
