2022-07-17 12:25:28,553 - INFO - Scrapping EPL ...
2022-07-17 12:25:28,553 - INFO - Scrapping season 2014 ...
2022-07-17 12:25:29,901 - INFO - 	 ... Scrapping done!
2022-07-17 12:25:29,920 - INFO - Scrapping season 2015 ...
2022-07-17 12:25:31,037 - INFO - 	 ... Scrapping done!
2022-07-17 12:25:31,057 - INFO - Scrapping season 2016 ...
2022-07-17 12:25:32,155 - INFO - 	 ... Scrapping done!
2022-07-17 12:25:32,176 - INFO - Scrapping season 2017 ...
2022-07-17 12:25:33,393 - INFO - 	 ... Scrapping done!
2022-07-17 12:25:33,417 - INFO - Scrapping season 2018 ...
2022-07-17 12:25:34,494 - INFO - 	 ... Scrapping done!
2022-07-17 12:25:34,513 - INFO - Scrapping season 2019 ...
2022-07-17 12:25:35,649 - INFO - 	 ... Scrapping done!
2022-07-17 12:25:35,668 - INFO - Scrapping season 2020 ...
2022-07-17 12:25:36,867 - INFO - 	 ... Scrapping done!
2022-07-17 12:25:36,898 - INFO - Scrapping season 2021 ...
2022-07-17 12:25:38,303 - INFO - 	 ... Scrapping done!
2022-07-17 12:25:38,346 - INFO - Scrapping La liga ...
2022-07-17 12:25:38,347 - INFO - Scrapping season 2014 ...
2022-07-17 12:25:39,533 - INFO - 	 ... Scrapping done!
2022-07-17 12:25:39,553 - INFO - Scrapping season 2015 ...
2022-07-17 12:25:40,850 - INFO - 	 ... Scrapping done!
2022-07-17 12:25:40,870 - INFO - Scrapping season 2016 ...
2022-07-17 12:25:41,991 - INFO - 	 ... Scrapping done!
2022-07-17 12:25:42,012 - INFO - Scrapping season 2017 ...
2022-07-17 12:25:43,153 - INFO - 	 ... Scrapping done!
2022-07-17 12:25:43,172 - INFO - Scrapping season 2018 ...
2022-07-17 12:25:44,323 - INFO - 	 ... Scrapping done!
2022-07-17 12:25:44,360 - INFO - Scrapping season 2019 ...
2022-07-17 12:25:45,661 - INFO - 	 ... Scrapping done!
2022-07-17 12:25:45,687 - INFO - Scrapping season 2020 ...
2022-07-17 12:25:47,172 - INFO - 	 ... Scrapping done!
2022-07-17 12:25:47,210 - INFO - Scrapping season 2021 ...
2022-07-17 12:25:48,758 - INFO - 	 ... Scrapping done!
2022-07-17 12:25:48,791 - INFO - Scrapping Bundesliga ...
2022-07-17 12:25:48,793 - INFO - Scrapping season 2014 ...
2022-07-17 12:25:50,194 - INFO - 	 ... Scrapping done!
2022-07-17 12:25:50,211 - INFO - Scrapping season 2015 ...
2022-07-17 12:25:51,542 - INFO - 	 ... Scrapping done!
2022-07-17 12:25:51,570 - INFO - Scrapping season 2016 ...
2022-07-17 12:25:52,702 - INFO - 	 ... Scrapping done!
2022-07-17 12:25:52,738 - INFO - Scrapping season 2017 ...
2022-07-17 12:25:53,770 - INFO - 	 ... Scrapping done!
2022-07-17 12:25:53,792 - INFO - Scrapping season 2018 ...
2022-07-17 12:25:54,786 - INFO - 	 ... Scrapping done!
2022-07-17 12:25:54,815 - INFO - Scrapping season 2019 ...
2022-07-17 12:25:55,898 - INFO - 	 ... Scrapping done!
2022-07-17 12:25:55,916 - INFO - Scrapping season 2020 ...
2022-07-17 12:25:56,874 - INFO - 	 ... Scrapping done!
2022-07-17 12:25:56,907 - INFO - Scrapping season 2021 ...
2022-07-17 12:25:57,942 - INFO - 	 ... Scrapping done!
2022-07-17 12:25:57,959 - INFO - Scrapping Serie A ...
2022-07-17 12:25:57,959 - INFO - Scrapping season 2014 ...
2022-07-17 12:25:59,086 - INFO - 	 ... Scrapping done!
2022-07-17 12:25:59,105 - INFO - Scrapping season 2015 ...
2022-07-17 12:26:00,252 - INFO - 	 ... Scrapping done!
2022-07-17 12:26:00,274 - INFO - Scrapping season 2016 ...
2022-07-17 12:26:01,341 - INFO - 	 ... Scrapping done!
2022-07-17 12:26:01,364 - INFO - Scrapping season 2017 ...
2022-07-17 12:26:02,440 - INFO - 	 ... Scrapping done!
2022-07-17 12:26:02,460 - INFO - Scrapping season 2018 ...
2022-07-17 12:26:03,570 - INFO - 	 ... Scrapping done!
2022-07-17 12:26:03,593 - INFO - Scrapping season 2019 ...
2022-07-17 12:26:04,725 - INFO - 	 ... Scrapping done!
2022-07-17 12:26:04,744 - INFO - Scrapping season 2020 ...
2022-07-17 12:26:05,912 - INFO - 	 ... Scrapping done!
2022-07-17 12:26:05,937 - INFO - Scrapping season 2021 ...
2022-07-17 12:26:06,993 - INFO - 	 ... Scrapping done!
2022-07-17 12:26:07,014 - INFO - Scrapping Ligue 1 ...
2022-07-17 12:26:07,014 - INFO - Scrapping season 2014 ...
2022-07-17 12:26:08,089 - INFO - 	 ... Scrapping done!
2022-07-17 12:26:08,109 - INFO - Scrapping season 2015 ...
2022-07-17 12:26:09,209 - INFO - 	 ... Scrapping done!
2022-07-17 12:26:09,232 - INFO - Scrapping season 2016 ...
2022-07-17 12:26:29,323 - INFO - 	 ... Scrapping done!
2022-07-17 12:26:29,350 - INFO - Scrapping season 2017 ...
2022-07-17 12:26:30,441 - INFO - 	 ... Scrapping done!
2022-07-17 12:26:30,461 - INFO - Scrapping season 2018 ...
2022-07-17 12:26:31,538 - INFO - 	 ... Scrapping done!
2022-07-17 12:26:31,558 - INFO - Scrapping season 2019 ...
2022-07-17 12:26:32,625 - INFO - 	 ... Scrapping done!
2022-07-17 12:26:32,657 - INFO - Scrapping season 2020 ...
2022-07-17 12:26:33,771 - INFO - 	 ... Scrapping done!
2022-07-17 12:26:33,798 - INFO - Scrapping season 2021 ...
2022-07-17 12:26:34,931 - INFO - 	 ... Scrapping done!
2022-07-17 12:26:34,953 - INFO - Scrapping RFPL ...
2022-07-17 12:26:34,953 - INFO - Scrapping season 2014 ...
2022-07-17 12:26:35,878 - INFO - 	 ... Scrapping done!
2022-07-17 12:26:35,895 - INFO - Scrapping season 2015 ...
2022-07-17 12:26:36,785 - INFO - 	 ... Scrapping done!
2022-07-17 12:26:36,801 - INFO - Scrapping season 2016 ...
2022-07-17 12:26:37,711 - INFO - 	 ... Scrapping done!
2022-07-17 12:26:37,728 - INFO - Scrapping season 2017 ...
2022-07-17 12:26:38,726 - INFO - 	 ... Scrapping done!
2022-07-17 12:26:38,741 - INFO - Scrapping season 2018 ...
2022-07-17 12:26:39,685 - INFO - 	 ... Scrapping done!
2022-07-17 12:26:39,719 - INFO - Scrapping season 2019 ...
2022-07-17 12:26:40,720 - INFO - 	 ... Scrapping done!
2022-07-17 12:26:40,738 - INFO - Scrapping season 2020 ...
2022-07-17 12:26:41,707 - INFO - 	 ... Scrapping done!
2022-07-17 12:26:41,729 - INFO - Scrapping season 2021 ...
2022-07-17 12:26:42,759 - INFO - 	 ... Scrapping done!
