2022-08-15 14:38:54,256 - INFO - Scrapping EPL ...
2022-08-15 14:38:54,258 - INFO - Scrapping season 2014 ...
2022-08-15 14:38:55,729 - INFO - 	 ... Scrapping done!
2022-08-15 14:38:55,762 - INFO - Scrapping season 2015 ...
2022-08-15 14:38:56,924 - INFO - 	 ... Scrapping done!
2022-08-15 14:38:56,951 - INFO - Scrapping season 2016 ...
2022-08-15 14:38:58,126 - INFO - 	 ... Scrapping done!
2022-08-15 14:38:58,153 - INFO - Scrapping season 2017 ...
2022-08-15 14:38:59,497 - INFO - 	 ... Scrapping done!
2022-08-15 14:38:59,525 - INFO - Scrapping season 2018 ...
2022-08-15 14:39:01,412 - INFO - 	 ... Scrapping done!
2022-08-15 14:39:01,506 - INFO - Scrapping season 2019 ...
2022-08-15 14:39:03,351 - INFO - 	 ... Scrapping done!
2022-08-15 14:39:03,420 - INFO - Scrapping season 2020 ...
2022-08-15 14:39:04,617 - INFO - 	 ... Scrapping done!
2022-08-15 14:39:04,667 - INFO - Scrapping season 2021 ...
2022-08-15 14:39:06,081 - INFO - 	 ... Scrapping done!
2022-08-15 14:39:06,113 - INFO - Scrapping La liga ...
2022-08-15 14:39:06,113 - INFO - Scrapping season 2014 ...
2022-08-15 14:39:07,447 - INFO - 	 ... Scrapping done!
2022-08-15 14:39:07,480 - INFO - Scrapping season 2015 ...
2022-08-15 14:39:09,544 - INFO - 	 ... Scrapping done!
2022-08-15 14:39:09,591 - INFO - Scrapping season 2016 ...
2022-08-15 14:39:11,275 - INFO - 	 ... Scrapping done!
2022-08-15 14:39:11,434 - INFO - Scrapping season 2017 ...
2022-08-15 14:39:13,367 - INFO - 	 ... Scrapping done!
2022-08-15 14:39:13,396 - INFO - Scrapping season 2018 ...
2022-08-15 14:39:14,653 - INFO - 	 ... Scrapping done!
2022-08-15 14:39:14,685 - INFO - Scrapping season 2019 ...
2022-08-15 14:39:16,214 - INFO - 	 ... Scrapping done!
2022-08-15 14:39:16,245 - INFO - Scrapping season 2020 ...
2022-08-15 14:39:17,358 - INFO - 	 ... Scrapping done!
2022-08-15 14:39:17,394 - INFO - Scrapping season 2021 ...
2022-08-15 14:39:18,854 - INFO - 	 ... Scrapping done!
2022-08-15 14:39:18,907 - INFO - Scrapping Bundesliga ...
2022-08-15 14:39:18,908 - INFO - Scrapping season 2014 ...
2022-08-15 14:39:20,081 - INFO - 	 ... Scrapping done!
2022-08-15 14:39:20,109 - INFO - Scrapping season 2015 ...
2022-08-15 14:39:21,341 - INFO - 	 ... Scrapping done!
2022-08-15 14:39:21,365 - INFO - Scrapping season 2016 ...
2022-08-15 14:39:22,371 - INFO - 	 ... Scrapping done!
2022-08-15 14:39:22,394 - INFO - Scrapping season 2017 ...
2022-08-15 14:39:23,360 - INFO - 	 ... Scrapping done!
2022-08-15 14:39:23,385 - INFO - Scrapping season 2018 ...
2022-08-15 14:39:24,370 - INFO - 	 ... Scrapping done!
2022-08-15 14:39:24,393 - INFO - Scrapping season 2019 ...
2022-08-15 14:39:25,712 - INFO - 	 ... Scrapping done!
2022-08-15 14:39:25,738 - INFO - Scrapping season 2020 ...
2022-08-15 14:39:27,016 - INFO - 	 ... Scrapping done!
2022-08-15 14:39:27,091 - INFO - Scrapping season 2021 ...
2022-08-15 14:39:28,449 - INFO - 	 ... Scrapping done!
2022-08-15 14:39:28,488 - INFO - Scrapping Serie A ...
2022-08-15 14:39:28,488 - INFO - Scrapping season 2014 ...
2022-08-15 14:39:29,795 - INFO - 	 ... Scrapping done!
2022-08-15 14:39:29,825 - INFO - Scrapping season 2015 ...
2022-08-15 14:39:31,483 - INFO - 	 ... Scrapping done!
2022-08-15 14:39:31,537 - INFO - Scrapping season 2016 ...
2022-08-15 14:39:32,788 - INFO - 	 ... Scrapping done!
2022-08-15 14:39:32,814 - INFO - Scrapping season 2017 ...
2022-08-15 14:39:34,105 - INFO - 	 ... Scrapping done!
2022-08-15 14:39:34,155 - INFO - Scrapping season 2018 ...
2022-08-15 14:39:35,452 - INFO - 	 ... Scrapping done!
2022-08-15 14:39:35,482 - INFO - Scrapping season 2019 ...
2022-08-15 14:39:36,676 - INFO - 	 ... Scrapping done!
2022-08-15 14:39:36,702 - INFO - Scrapping season 2020 ...
2022-08-15 14:39:38,141 - INFO - 	 ... Scrapping done!
2022-08-15 14:39:38,187 - INFO - Scrapping season 2021 ...
2022-08-15 14:39:39,551 - INFO - 	 ... Scrapping done!
2022-08-15 14:39:39,594 - INFO - Scrapping Ligue 1 ...
2022-08-15 14:39:39,594 - INFO - Scrapping season 2014 ...
2022-08-15 14:39:40,986 - INFO - 	 ... Scrapping done!
2022-08-15 14:39:41,026 - INFO - Scrapping season 2015 ...
2022-08-15 14:39:42,267 - INFO - 	 ... Scrapping done!
2022-08-15 14:39:42,313 - INFO - Scrapping season 2016 ...
2022-08-15 14:39:43,713 - INFO - 	 ... Scrapping done!
2022-08-15 14:39:43,739 - INFO - Scrapping season 2017 ...
2022-08-15 14:39:45,053 - INFO - 	 ... Scrapping done!
2022-08-15 14:39:45,088 - INFO - Scrapping season 2018 ...
2022-08-15 14:39:46,356 - INFO - 	 ... Scrapping done!
2022-08-15 14:39:46,391 - INFO - Scrapping season 2019 ...
2022-08-15 14:39:47,686 - INFO - 	 ... Scrapping done!
2022-08-15 14:39:47,725 - INFO - Scrapping season 2020 ...
2022-08-15 14:39:48,900 - INFO - 	 ... Scrapping done!
2022-08-15 14:39:48,934 - INFO - Scrapping season 2021 ...
2022-08-15 14:39:50,174 - INFO - 	 ... Scrapping done!
2022-08-15 14:39:50,206 - INFO - Scrapping RFPL ...
2022-08-15 14:39:50,206 - INFO - Scrapping season 2014 ...
2022-08-15 14:39:51,203 - INFO - 	 ... Scrapping done!
2022-08-15 14:39:51,226 - INFO - Scrapping season 2015 ...
2022-08-15 14:39:52,243 - INFO - 	 ... Scrapping done!
2022-08-15 14:39:52,277 - INFO - Scrapping season 2016 ...
2022-08-15 14:39:53,313 - INFO - 	 ... Scrapping done!
2022-08-15 14:39:53,336 - INFO - Scrapping season 2017 ...
2022-08-15 14:39:54,254 - INFO - 	 ... Scrapping done!
2022-08-15 14:39:54,275 - INFO - Scrapping season 2018 ...
2022-08-15 14:39:55,215 - INFO - 	 ... Scrapping done!
2022-08-15 14:39:55,235 - INFO - Scrapping season 2019 ...
2022-08-15 14:39:56,232 - INFO - 	 ... Scrapping done!
2022-08-15 14:39:56,262 - INFO - Scrapping season 2020 ...
2022-08-15 14:39:57,388 - INFO - 	 ... Scrapping done!
2022-08-15 14:39:57,421 - INFO - Scrapping season 2021 ...
2022-08-15 14:39:58,624 - INFO - 	 ... Scrapping done!
2022-08-15 14:40:01,057 - INFO - OK for 16946
2022-08-15 14:40:01,811 - INFO - OK for 16947
2022-08-15 14:40:02,767 - INFO - OK for 16948
2022-08-15 14:40:03,373 - INFO - OK for 16949
2022-08-15 14:40:03,883 - INFO - OK for 16950
2022-08-15 14:40:04,394 - INFO - OK for 16951
2022-08-15 14:40:04,982 - INFO - OK for 16952
2022-08-15 14:40:05,451 - INFO - OK for 16953
2022-08-15 14:40:06,006 - INFO - OK for 16954
2022-08-15 14:40:06,513 - INFO - OK for 16955
2022-08-15 14:40:07,246 - INFO - OK for 16956
2022-08-15 14:40:07,772 - INFO - OK for 16957
2022-08-15 14:40:08,242 - INFO - OK for 16958
2022-08-15 14:40:08,853 - INFO - OK for 16959
2022-08-15 14:40:09,341 - INFO - OK for 16960
2022-08-15 14:40:10,067 - INFO - OK for 16961
2022-08-15 14:40:10,525 - INFO - OK for 16962
2022-08-15 14:40:11,111 - INFO - OK for 16963
2022-08-15 14:40:11,592 - INFO - OK for 16964
2022-08-15 14:40:12,087 - INFO - OK for 16965
2022-08-15 14:40:12,598 - INFO - OK for 16966
2022-08-15 14:40:13,056 - INFO - OK for 16967
2022-08-15 14:40:13,561 - INFO - OK for 16968
2022-08-15 14:40:14,064 - INFO - OK for 16969
2022-08-15 14:40:14,597 - INFO - OK for 16970
2022-08-15 14:40:15,534 - INFO - OK for 16971
2022-08-15 14:40:15,998 - INFO - OK for 16972
2022-08-15 14:40:16,452 - INFO - OK for 16973
2022-08-15 14:40:16,912 - INFO - OK for 16974
2022-08-15 14:40:17,408 - INFO - OK for 16975
2022-08-15 14:40:17,927 - INFO - OK for 16976
2022-08-15 14:40:18,430 - INFO - OK for 16977
2022-08-15 14:40:18,937 - INFO - OK for 16978
2022-08-15 14:40:19,733 - INFO - OK for 16979
2022-08-15 14:40:20,368 - INFO - OK for 16980
2022-08-15 14:40:20,900 - INFO - OK for 16981
2022-08-15 14:40:21,411 - INFO - OK for 16982
2022-08-15 14:40:21,937 - INFO - OK for 16983
2022-08-15 14:40:22,455 - INFO - OK for 16984
2022-08-15 14:40:22,914 - INFO - OK for 16985
2022-08-15 14:40:23,391 - INFO - OK for 16986
2022-08-15 14:40:23,861 - INFO - OK for 16987
2022-08-15 14:40:24,379 - INFO - OK for 16988
2022-08-15 14:40:25,034 - INFO - OK for 16989
2022-08-15 14:40:25,567 - INFO - OK for 16990
2022-08-15 14:40:26,029 - INFO - OK for 16991
2022-08-15 14:40:26,505 - INFO - OK for 16992
2022-08-15 14:40:27,082 - INFO - OK for 16993
2022-08-15 14:40:27,590 - INFO - OK for 16994
2022-08-15 14:40:28,067 - INFO - OK for 16995
2022-08-15 14:40:28,519 - INFO - OK for 16996
2022-08-15 14:40:29,046 - INFO - OK for 16997
2022-08-15 14:40:29,665 - INFO - OK for 16998
2022-08-15 14:40:30,199 - INFO - OK for 16999
2022-08-15 14:40:30,755 - INFO - OK for 17000
2022-08-15 14:40:31,281 - INFO - OK for 17001
2022-08-15 14:40:31,831 - INFO - OK for 17002
2022-08-15 14:40:32,380 - INFO - OK for 17003
2022-08-15 14:40:32,963 - INFO - OK for 17004
2022-08-15 14:40:33,514 - INFO - OK for 17005
2022-08-15 14:40:33,971 - INFO - OK for 17006
2022-08-15 14:40:34,449 - INFO - OK for 17007
2022-08-15 14:40:34,993 - INFO - OK for 17008
2022-08-15 14:40:35,552 - INFO - OK for 17009
2022-08-15 14:40:36,128 - INFO - OK for 17010
2022-08-15 14:40:36,659 - INFO - OK for 17011
2022-08-15 14:40:37,176 - INFO - OK for 17012
2022-08-15 14:40:37,774 - INFO - OK for 17013
2022-08-15 14:40:38,324 - INFO - OK for 17014
2022-08-15 14:40:38,867 - INFO - OK for 17015
2022-08-15 14:40:39,395 - INFO - OK for 17016
2022-08-15 14:40:39,976 - INFO - OK for 17017
2022-08-15 14:40:40,514 - INFO - OK for 17018
2022-08-15 14:40:41,029 - INFO - OK for 17019
2022-08-15 14:40:41,595 - INFO - OK for 17020
2022-08-15 14:40:42,136 - INFO - OK for 17021
2022-08-15 14:40:42,695 - INFO - OK for 17022
2022-08-15 14:40:43,220 - INFO - OK for 17023
2022-08-15 14:40:43,692 - INFO - OK for 17024
2022-08-15 14:40:44,171 - INFO - OK for 17025
2022-08-15 14:40:44,701 - INFO - OK for 17026
2022-08-15 14:40:45,230 - INFO - OK for 17027
2022-08-15 14:40:45,766 - INFO - OK for 17028
2022-08-15 14:40:46,321 - INFO - OK for 17029
2022-08-15 14:40:46,846 - INFO - OK for 17030
2022-08-15 14:40:47,334 - INFO - OK for 17031
2022-08-15 14:40:47,899 - INFO - OK for 17032
2022-08-15 14:40:48,460 - INFO - OK for 17033
2022-08-15 14:40:49,003 - INFO - OK for 17034
2022-08-15 14:40:49,532 - INFO - OK for 17035
2022-08-15 14:40:50,198 - INFO - OK for 17036
2022-08-15 14:40:50,716 - INFO - OK for 17037
2022-08-15 14:40:51,600 - INFO - OK for 17038
2022-08-15 14:40:52,082 - INFO - OK for 17039
2022-08-15 14:40:52,584 - INFO - OK for 17040
2022-08-15 14:40:53,116 - INFO - OK for 17041
2022-08-15 14:40:53,603 - INFO - OK for 17042
2022-08-15 14:40:54,211 - INFO - OK for 17043
2022-08-15 14:40:54,781 - INFO - OK for 17044
2022-08-15 14:40:55,432 - INFO - OK for 17045
2022-08-15 14:40:55,908 - INFO - OK for 17046
2022-08-15 14:40:56,365 - INFO - OK for 17047
2022-08-15 14:40:56,865 - INFO - OK for 17048
2022-08-15 14:40:57,418 - INFO - OK for 17049
2022-08-15 14:40:58,010 - INFO - OK for 17050
2022-08-15 14:40:58,567 - INFO - OK for 17051
2022-08-15 14:40:59,111 - INFO - OK for 17052
2022-08-15 14:40:59,622 - INFO - OK for 17053
2022-08-15 14:41:00,164 - INFO - OK for 17054
2022-08-15 14:41:00,784 - INFO - OK for 17055
2022-08-15 14:41:01,337 - INFO - OK for 17056
2022-08-15 14:41:01,968 - INFO - OK for 17057
2022-08-15 14:41:02,476 - INFO - OK for 17058
2022-08-15 14:41:03,143 - INFO - OK for 17059
2022-08-15 14:41:03,811 - INFO - OK for 17060
2022-08-15 14:41:04,329 - INFO - OK for 17061
2022-08-15 14:41:04,869 - INFO - OK for 17062
2022-08-15 14:41:05,400 - INFO - OK for 17063
2022-08-15 14:41:05,988 - INFO - OK for 17064
2022-08-15 14:41:06,516 - INFO - OK for 17065
2022-08-15 14:41:07,042 - INFO - OK for 17066
2022-08-15 14:41:07,657 - INFO - OK for 17067
2022-08-15 14:41:08,214 - INFO - OK for 17068
2022-08-15 14:41:08,728 - INFO - OK for 17069
2022-08-15 14:41:09,192 - INFO - OK for 17070
2022-08-15 14:41:09,667 - INFO - OK for 17071
2022-08-15 14:41:10,185 - INFO - OK for 17072
2022-08-15 14:41:10,721 - INFO - OK for 17073
2022-08-15 14:41:11,322 - INFO - OK for 17074
2022-08-15 14:41:11,839 - INFO - OK for 17075
2022-08-15 14:41:12,403 - INFO - OK for 17076
2022-08-15 14:41:13,506 - INFO - OK for 17077
2022-08-15 14:41:14,073 - INFO - OK for 17078
2022-08-15 14:41:14,621 - INFO - OK for 17079
2022-08-15 14:41:15,145 - INFO - OK for 17080
2022-08-15 14:41:15,659 - INFO - OK for 17081
2022-08-15 14:41:16,186 - INFO - OK for 17082
2022-08-15 14:41:16,736 - INFO - OK for 17083
2022-08-15 14:41:17,264 - INFO - OK for 17084
2022-08-15 14:41:17,866 - INFO - OK for 17085
2022-08-15 14:41:18,703 - INFO - OK for 17086
2022-08-15 14:41:19,351 - INFO - OK for 17087
2022-08-15 14:41:20,028 - INFO - OK for 17088
2022-08-15 14:41:20,624 - INFO - OK for 17089
2022-08-15 14:41:21,136 - INFO - OK for 17090
2022-08-15 14:41:21,852 - INFO - OK for 17091
2022-08-15 14:41:22,512 - INFO - OK for 17092
2022-08-15 14:41:23,056 - INFO - OK for 17093
2022-08-15 14:41:23,576 - INFO - OK for 17094
2022-08-15 14:41:24,077 - INFO - OK for 17095
2022-08-15 14:41:24,722 - INFO - OK for 17096
2022-08-15 14:41:25,364 - INFO - OK for 17097
2022-08-15 14:41:25,881 - INFO - OK for 17098
2022-08-15 14:41:26,487 - INFO - OK for 17099
2022-08-15 14:41:26,977 - INFO - OK for 17100
2022-08-15 14:41:27,474 - INFO - OK for 17101
2022-08-15 14:41:28,128 - INFO - OK for 17102
2022-08-15 14:41:28,660 - INFO - OK for 17103
2022-08-15 14:41:29,174 - INFO - OK for 17104
2022-08-15 14:41:29,749 - INFO - OK for 17105
2022-08-15 14:41:31,172 - INFO - OK for 17106
2022-08-15 14:41:32,948 - INFO - OK for 17107
2022-08-15 14:41:33,837 - INFO - OK for 17108
2022-08-15 14:41:34,965 - INFO - OK for 17109
2022-08-15 14:41:36,021 - INFO - OK for 17110
2022-08-15 14:41:37,164 - INFO - OK for 17111
2022-08-15 14:41:37,868 - INFO - OK for 17112
2022-08-15 14:41:38,446 - INFO - OK for 17113
2022-08-15 14:41:38,950 - INFO - OK for 17114
2022-08-15 14:41:39,463 - INFO - OK for 17115
2022-08-15 14:41:39,985 - INFO - OK for 17116
2022-08-15 14:41:40,454 - INFO - OK for 17117
2022-08-15 14:41:41,057 - INFO - OK for 17118
2022-08-15 14:41:41,611 - INFO - OK for 17119
2022-08-15 14:41:42,092 - INFO - OK for 17120
2022-08-15 14:41:42,609 - INFO - OK for 17121
2022-08-15 14:41:43,070 - INFO - OK for 17122
2022-08-15 14:41:43,554 - INFO - OK for 17123
2022-08-15 14:41:44,316 - INFO - OK for 17124
2022-08-15 14:41:45,264 - INFO - OK for 17125
2022-08-15 14:41:46,246 - INFO - OK for 17126
2022-08-15 14:41:46,951 - INFO - OK for 17127
2022-08-15 14:41:47,457 - INFO - OK for 17128
2022-08-15 14:41:48,525 - INFO - OK for 17129
2022-08-15 14:41:49,039 - INFO - OK for 17130
2022-08-15 14:41:49,718 - INFO - OK for 17131
2022-08-15 14:41:50,320 - INFO - OK for 17132
2022-08-15 14:41:50,804 - INFO - OK for 17133
2022-08-15 14:41:51,390 - INFO - OK for 17134
2022-08-15 14:41:52,092 - INFO - OK for 17135
2022-08-15 14:41:52,936 - INFO - OK for 17136
2022-08-15 14:41:53,570 - INFO - OK for 17137
2022-08-15 14:41:54,135 - INFO - OK for 17138
2022-08-15 14:41:54,636 - INFO - OK for 17139
2022-08-15 14:41:55,339 - INFO - OK for 17140
2022-08-15 14:41:55,898 - INFO - OK for 17141
2022-08-15 14:41:56,375 - INFO - OK for 17142
2022-08-15 14:41:57,188 - INFO - OK for 17143
2022-08-15 14:41:57,977 - INFO - OK for 17144
2022-08-15 14:41:59,016 - INFO - OK for 17145
2022-08-15 14:41:59,757 - INFO - OK for 17146
2022-08-15 14:42:01,047 - INFO - OK for 17147
2022-08-15 14:42:01,636 - INFO - OK for 17148
2022-08-15 14:42:02,296 - INFO - OK for 17149
2022-08-15 14:42:03,140 - INFO - OK for 17150
2022-08-15 14:42:04,006 - INFO - OK for 17151
2022-08-15 14:42:04,717 - INFO - OK for 17152
2022-08-15 14:42:05,180 - INFO - OK for 17153
2022-08-15 14:42:05,725 - INFO - OK for 17154
2022-08-15 14:42:06,279 - INFO - OK for 17155
2022-08-15 14:42:06,877 - INFO - OK for 17156
2022-08-15 14:42:07,340 - INFO - OK for 17157
2022-08-15 14:42:07,930 - INFO - OK for 17158
2022-08-15 14:42:08,567 - INFO - OK for 17159
2022-08-15 14:42:09,066 - INFO - OK for 17160
2022-08-15 14:42:09,565 - INFO - OK for 17161
2022-08-15 14:42:10,073 - INFO - OK for 17162
2022-08-15 14:42:10,559 - INFO - OK for 17163
2022-08-15 14:42:11,074 - INFO - OK for 17164
2022-08-15 14:42:11,584 - INFO - OK for 17165
2022-08-15 14:42:12,289 - INFO - OK for 17166
2022-08-15 14:42:12,912 - INFO - OK for 17167
2022-08-15 14:42:13,582 - INFO - OK for 17168
2022-08-15 14:42:14,319 - INFO - OK for 17169
2022-08-15 14:42:15,245 - INFO - OK for 17170
2022-08-15 14:42:16,029 - INFO - OK for 17171
2022-08-15 14:42:16,740 - INFO - OK for 17172
2022-08-15 14:42:17,355 - INFO - OK for 17173
2022-08-15 14:42:17,999 - INFO - OK for 17174
2022-08-15 14:42:18,580 - INFO - OK for 17175
2022-08-15 14:42:19,295 - INFO - OK for 17176
2022-08-15 14:42:19,807 - INFO - OK for 17177
2022-08-15 14:42:20,330 - INFO - OK for 17178
2022-08-15 14:42:20,908 - INFO - OK for 17179
2022-08-15 14:42:21,444 - INFO - OK for 17180
2022-08-15 14:42:22,055 - INFO - OK for 17181
2022-08-15 14:42:22,585 - INFO - OK for 17182
2022-08-15 14:42:23,103 - INFO - OK for 17183
2022-08-15 14:42:23,731 - INFO - OK for 17184
2022-08-15 14:42:24,195 - INFO - OK for 17185
2022-08-15 14:42:24,657 - INFO - OK for 17186
2022-08-15 14:42:25,107 - INFO - OK for 17187
2022-08-15 14:42:25,563 - INFO - OK for 17188
2022-08-15 14:42:26,025 - INFO - OK for 17189
2022-08-15 14:42:26,541 - INFO - OK for 17190
2022-08-15 14:42:27,029 - INFO - OK for 17191
2022-08-15 14:42:27,567 - INFO - OK for 17192
2022-08-15 14:42:28,103 - INFO - OK for 17193
2022-08-15 14:42:28,658 - INFO - OK for 17194
2022-08-15 14:42:29,165 - INFO - OK for 17195
2022-08-15 14:42:29,623 - INFO - OK for 17196
2022-08-15 14:42:30,140 - INFO - OK for 17197
2022-08-15 14:42:30,629 - INFO - OK for 17198
2022-08-15 14:42:31,095 - INFO - OK for 17199
2022-08-15 14:42:31,569 - INFO - OK for 17200
2022-08-15 14:42:32,090 - INFO - OK for 17201
2022-08-15 14:42:32,535 - INFO - OK for 17202
2022-08-15 14:42:33,055 - INFO - OK for 17203
2022-08-15 14:42:33,527 - INFO - OK for 17204
2022-08-15 14:42:33,995 - INFO - OK for 17205
2022-08-15 14:42:34,444 - INFO - OK for 17206
2022-08-15 14:42:34,909 - INFO - OK for 17207
2022-08-15 14:42:35,420 - INFO - OK for 17208
2022-08-15 14:42:35,945 - INFO - OK for 17209
2022-08-15 14:42:36,407 - INFO - OK for 17210
2022-08-15 14:42:36,960 - INFO - OK for 17211
2022-08-15 14:42:37,505 - INFO - OK for 17212
2022-08-15 14:42:38,002 - INFO - OK for 17213
2022-08-15 14:42:38,579 - INFO - OK for 17214
2022-08-15 14:42:39,085 - INFO - OK for 17215
2022-08-15 14:42:39,561 - INFO - OK for 17216
2022-08-15 14:42:40,049 - INFO - OK for 17217
2022-08-15 14:42:40,509 - INFO - OK for 17218
2022-08-15 14:42:40,963 - INFO - OK for 17219
2022-08-15 14:42:41,504 - INFO - OK for 17220
2022-08-15 14:42:41,997 - INFO - OK for 17221
2022-08-15 14:42:42,617 - INFO - OK for 17222
2022-08-15 14:42:43,085 - INFO - OK for 17223
2022-08-15 14:42:43,588 - INFO - OK for 17224
2022-08-15 14:42:44,048 - INFO - OK for 17225
2022-08-15 14:42:44,510 - INFO - OK for 17226
2022-08-15 14:42:44,965 - INFO - OK for 17227
2022-08-15 14:42:45,475 - INFO - OK for 17228
2022-08-15 14:42:45,941 - INFO - OK for 17229
2022-08-15 14:42:46,424 - INFO - OK for 17230
2022-08-15 14:42:46,889 - INFO - OK for 17231
2022-08-15 14:42:47,358 - INFO - OK for 17232
2022-08-15 14:42:48,288 - INFO - OK for 17233
2022-08-15 14:42:48,769 - INFO - OK for 17234
2022-08-15 14:42:49,216 - INFO - OK for 17235
2022-08-15 14:42:49,681 - INFO - OK for 17236
2022-08-15 14:42:50,149 - INFO - OK for 17237
2022-08-15 14:42:50,687 - INFO - OK for 17238
2022-08-15 14:42:51,225 - INFO - OK for 17239
2022-08-15 14:42:51,675 - INFO - OK for 17240
2022-08-15 14:42:52,139 - INFO - OK for 17241
2022-08-15 14:42:52,681 - INFO - OK for 17242
2022-08-15 14:42:53,172 - INFO - OK for 17243
2022-08-15 14:42:53,619 - INFO - OK for 17244
2022-08-15 14:42:54,218 - INFO - OK for 17245
2022-08-15 14:42:54,711 - INFO - OK for 17246
2022-08-15 14:42:55,178 - INFO - OK for 17247
2022-08-15 14:42:55,646 - INFO - OK for 17248
2022-08-15 14:42:56,108 - INFO - OK for 17249
2022-08-15 14:42:56,620 - INFO - OK for 17250
2022-08-15 14:42:57,078 - INFO - OK for 17251
2022-08-15 14:42:57,565 - INFO - OK for 17252
2022-08-15 14:42:58,054 - INFO - OK for 17253
2022-08-15 14:42:58,535 - INFO - OK for 17254
2022-08-15 14:42:59,014 - INFO - OK for 17255
2022-08-15 14:42:59,505 - INFO - OK for 17256
2022-08-15 14:43:00,049 - INFO - OK for 17257
2022-08-15 14:43:00,506 - INFO - OK for 17258
2022-08-15 14:43:00,982 - INFO - OK for 17259
2022-08-15 14:43:01,446 - INFO - OK for 17260
2022-08-15 14:43:01,908 - INFO - OK for 17261
2022-08-15 14:43:02,360 - INFO - OK for 17262
2022-08-15 14:43:02,899 - INFO - OK for 17263
2022-08-15 14:43:03,348 - INFO - OK for 17264
2022-08-15 14:43:03,810 - INFO - OK for 17265
2022-08-15 14:43:04,283 - INFO - OK for 17266
2022-08-15 14:43:04,722 - INFO - OK for 17267
2022-08-15 14:43:05,239 - INFO - OK for 17268
2022-08-15 14:43:05,714 - INFO - OK for 17269
2022-08-15 14:43:06,166 - INFO - OK for 17270
2022-08-15 14:43:06,643 - INFO - OK for 17271
2022-08-15 14:43:07,173 - INFO - OK for 17272
2022-08-15 14:43:07,698 - INFO - OK for 17273
2022-08-15 14:43:08,248 - INFO - OK for 17274
2022-08-15 14:43:08,840 - INFO - OK for 17275
2022-08-15 14:43:09,369 - INFO - OK for 17276
2022-08-15 14:43:09,991 - INFO - OK for 17277
2022-08-15 14:43:10,648 - INFO - OK for 17278
2022-08-15 14:43:11,210 - INFO - OK for 17279
2022-08-15 14:43:12,076 - INFO - OK for 17280
2022-08-15 14:43:12,906 - INFO - OK for 17281
2022-08-15 14:43:13,735 - INFO - OK for 17282
2022-08-15 14:43:14,396 - INFO - OK for 17283
2022-08-15 14:43:15,092 - INFO - OK for 17284
2022-08-15 14:43:15,808 - INFO - OK for 17285
2022-08-15 14:43:16,291 - INFO - OK for 17286
2022-08-15 14:43:16,981 - INFO - OK for 17287
2022-08-15 14:43:17,457 - INFO - OK for 17288
2022-08-15 14:43:18,009 - INFO - OK for 17289
2022-08-15 14:43:18,587 - INFO - OK for 17290
2022-08-15 14:43:19,146 - INFO - OK for 17291
2022-08-15 14:43:19,724 - INFO - OK for 17292
2022-08-15 14:43:20,189 - INFO - OK for 17293
2022-08-15 14:43:20,949 - INFO - OK for 17294
2022-08-15 14:43:21,419 - INFO - OK for 17295
2022-08-15 14:43:21,891 - INFO - OK for 17296
2022-08-15 14:43:22,372 - INFO - OK for 17297
2022-08-15 14:43:22,956 - INFO - OK for 17298
2022-08-15 14:43:23,420 - INFO - OK for 17299
2022-08-15 14:43:23,881 - INFO - OK for 17300
2022-08-15 14:43:24,581 - INFO - OK for 17301
2022-08-15 14:43:25,144 - INFO - OK for 17302
2022-08-15 14:43:25,635 - INFO - OK for 17303
2022-08-15 14:43:26,107 - INFO - OK for 17304
2022-08-15 14:43:26,569 - INFO - OK for 17305
2022-08-15 14:43:27,041 - INFO - OK for 17306
2022-08-15 14:43:27,566 - INFO - OK for 17307
2022-08-15 14:43:28,128 - INFO - OK for 17308
2022-08-15 14:43:28,636 - INFO - OK for 17309
2022-08-15 14:43:29,195 - INFO - OK for 17310
2022-08-15 14:43:29,705 - INFO - OK for 17311
2022-08-15 14:43:30,212 - INFO - OK for 17312
2022-08-15 14:43:30,830 - INFO - OK for 17313
2022-08-15 14:43:31,354 - INFO - OK for 17314
2022-08-15 14:43:31,837 - INFO - OK for 17315
2022-08-15 14:43:32,311 - INFO - OK for 17316
2022-08-15 14:43:32,827 - INFO - OK for 17317
2022-08-15 14:43:33,323 - INFO - OK for 17318
2022-08-15 14:43:33,817 - INFO - OK for 17319
2022-08-15 14:43:34,282 - INFO - OK for 17320
2022-08-15 14:43:34,824 - INFO - OK for 17321
2022-08-15 14:43:35,320 - INFO - OK for 17322
2022-08-15 14:43:35,789 - INFO - OK for 17323
2022-08-15 14:43:36,269 - INFO - OK for 17324
2022-08-15 14:43:36,781 - INFO - OK for 17325
2022-08-15 14:43:37,315 - INFO - OK for 17326
2022-08-15 14:43:37,842 - INFO - OK for 17327
2022-08-15 14:43:38,354 - INFO - OK for 17328
2022-08-15 14:43:38,890 - INFO - OK for 17329
2022-08-15 14:43:39,359 - INFO - OK for 17330
2022-08-15 14:43:39,951 - INFO - OK for 17331
2022-08-15 14:43:40,427 - INFO - OK for 17332
2022-08-15 14:43:40,946 - INFO - OK for 17333
2022-08-15 14:43:41,460 - INFO - OK for 17334
2022-08-15 14:43:42,023 - INFO - OK for 17335
2022-08-15 14:43:42,550 - INFO - OK for 17336
2022-08-15 14:43:43,131 - INFO - OK for 17337
2022-08-15 14:43:43,644 - INFO - OK for 17338
2022-08-15 14:43:44,143 - INFO - OK for 17339
2022-08-15 14:43:44,622 - INFO - OK for 17340
2022-08-15 14:43:45,091 - INFO - OK for 17341
2022-08-15 14:43:45,556 - INFO - OK for 17342
2022-08-15 14:43:46,023 - INFO - OK for 17343
2022-08-15 14:43:46,480 - INFO - OK for 17344
2022-08-15 14:43:46,946 - INFO - OK for 17345
2022-08-15 14:43:47,409 - INFO - OK for 17346
2022-08-15 14:43:47,873 - INFO - OK for 17347
2022-08-15 14:43:48,349 - INFO - OK for 17348
2022-08-15 14:43:48,797 - INFO - OK for 17349
2022-08-15 14:43:49,337 - INFO - OK for 17350
2022-08-15 14:43:49,800 - INFO - OK for 17351
2022-08-15 14:43:50,293 - INFO - OK for 17352
2022-08-15 14:43:50,763 - INFO - OK for 17353
2022-08-15 14:43:51,242 - INFO - OK for 17354
2022-08-15 14:43:51,758 - INFO - OK for 17355
2022-08-15 14:43:52,360 - INFO - OK for 17356
2022-08-15 14:43:53,416 - INFO - OK for 17357
2022-08-15 14:43:54,053 - INFO - OK for 17358
2022-08-15 14:43:55,048 - INFO - OK for 17359
2022-08-15 14:43:55,594 - INFO - OK for 17360
2022-08-15 14:43:56,284 - INFO - OK for 17361
2022-08-15 14:43:57,041 - INFO - OK for 17362
2022-08-15 14:43:57,558 - INFO - OK for 17363
2022-08-15 14:43:58,120 - INFO - OK for 17364
2022-08-15 14:43:58,613 - INFO - OK for 17365
2022-08-15 14:43:59,150 - INFO - OK for 17366
2022-08-15 14:43:59,714 - INFO - OK for 17367
2022-08-15 14:44:00,312 - INFO - OK for 17368
2022-08-15 14:44:00,867 - INFO - OK for 17369
2022-08-15 14:44:01,519 - INFO - OK for 17370
2022-08-15 14:44:01,979 - INFO - OK for 17371
2022-08-15 14:44:02,433 - INFO - OK for 17372
2022-08-15 14:44:02,890 - INFO - OK for 17373
2022-08-15 14:44:03,552 - INFO - OK for 17374
2022-08-15 14:44:04,091 - INFO - OK for 17375
2022-08-15 14:44:04,573 - INFO - OK for 17376
2022-08-15 14:44:05,059 - INFO - OK for 17377
2022-08-15 14:44:05,555 - INFO - OK for 17378
2022-08-15 14:44:06,047 - INFO - OK for 17379
2022-08-15 14:44:06,536 - INFO - OK for 17380
2022-08-15 14:44:07,040 - INFO - OK for 17381
2022-08-15 14:44:07,517 - INFO - OK for 17382
2022-08-15 14:44:07,982 - INFO - OK for 17383
2022-08-15 14:44:08,456 - INFO - OK for 17384
2022-08-15 14:44:09,089 - INFO - OK for 17385
2022-08-15 14:44:10,011 - INFO - OK for 17386
2022-08-15 14:44:11,085 - INFO - OK for 17387
2022-08-15 14:44:11,862 - INFO - OK for 17388
2022-08-15 14:44:12,651 - INFO - OK for 17389
2022-08-15 14:44:13,458 - INFO - OK for 17390
2022-08-15 14:44:14,209 - INFO - OK for 17391
2022-08-15 14:44:14,757 - INFO - OK for 17392
2022-08-15 14:44:15,358 - INFO - OK for 17393
2022-08-15 14:44:15,856 - INFO - OK for 17394
2022-08-15 14:44:16,351 - INFO - OK for 17395
2022-08-15 14:44:16,887 - INFO - OK for 17396
2022-08-15 14:44:17,356 - INFO - OK for 17397
2022-08-15 14:44:17,817 - INFO - OK for 17398
2022-08-15 14:44:18,285 - INFO - OK for 17399
2022-08-15 14:44:18,813 - INFO - OK for 17400
2022-08-15 14:44:19,281 - INFO - OK for 17401
2022-08-15 14:44:19,752 - INFO - OK for 17402
2022-08-15 14:44:20,203 - INFO - OK for 17403
2022-08-15 14:44:20,739 - INFO - OK for 17404
2022-08-15 14:44:21,203 - INFO - OK for 17405
2022-08-15 14:44:21,678 - INFO - OK for 17406
2022-08-15 14:44:22,217 - INFO - OK for 17407
2022-08-15 14:44:22,863 - INFO - OK for 17408
2022-08-15 14:44:23,403 - INFO - OK for 17409
2022-08-15 14:44:23,861 - INFO - OK for 17410
2022-08-15 14:44:24,398 - INFO - OK for 17411
2022-08-15 14:44:24,852 - INFO - OK for 17412
2022-08-15 14:44:25,343 - INFO - OK for 17413
2022-08-15 14:44:25,799 - INFO - OK for 17414
2022-08-15 14:44:26,346 - INFO - OK for 17415
2022-08-15 14:44:26,804 - INFO - OK for 17416
2022-08-15 14:44:27,254 - INFO - OK for 17417
2022-08-15 14:44:27,715 - INFO - OK for 17418
2022-08-15 14:44:28,198 - INFO - OK for 17419
2022-08-15 14:44:28,713 - INFO - OK for 17420
2022-08-15 14:44:29,196 - INFO - OK for 17421
2022-08-15 14:44:29,750 - INFO - OK for 17422
2022-08-15 14:44:30,252 - INFO - OK for 17423
2022-08-15 14:44:30,714 - INFO - OK for 17424
2022-08-15 14:44:31,172 - INFO - OK for 17425
2022-08-15 14:44:31,638 - INFO - OK for 17426
2022-08-15 14:44:32,106 - INFO - OK for 17427
2022-08-15 14:44:32,563 - INFO - OK for 17428
2022-08-15 14:44:33,035 - INFO - OK for 17429
2022-08-15 14:44:33,506 - INFO - OK for 17430
2022-08-15 14:44:33,956 - INFO - OK for 17431
2022-08-15 14:44:34,426 - INFO - OK for 17432
2022-08-15 14:44:34,895 - INFO - OK for 17433
2022-08-15 14:44:35,359 - INFO - OK for 17434
2022-08-15 14:44:35,816 - INFO - OK for 17435
2022-08-15 14:44:36,290 - INFO - OK for 17436
2022-08-15 14:44:36,771 - INFO - OK for 17437
2022-08-15 14:44:37,216 - INFO - OK for 17438
2022-08-15 14:44:37,693 - INFO - OK for 17439
2022-08-15 14:44:38,169 - INFO - OK for 17440
2022-08-15 14:44:38,713 - INFO - OK for 17441
2022-08-15 14:44:39,202 - INFO - OK for 17442
2022-08-15 14:44:39,676 - INFO - OK for 17443
2022-08-15 14:44:40,148 - INFO - OK for 17444
2022-08-15 14:44:40,635 - INFO - OK for 17445
2022-08-15 14:44:41,104 - INFO - OK for 17446
2022-08-15 14:44:41,586 - INFO - OK for 17447
2022-08-15 14:44:42,044 - INFO - OK for 17448
2022-08-15 14:44:42,494 - INFO - OK for 17449
2022-08-15 14:44:42,950 - INFO - OK for 17450
2022-08-15 14:44:43,399 - INFO - OK for 17451
2022-08-15 14:44:43,855 - INFO - OK for 17452
2022-08-15 14:44:44,299 - INFO - OK for 17453
2022-08-15 14:44:44,777 - INFO - OK for 17454
2022-08-15 14:44:45,253 - INFO - OK for 17455
2022-08-15 14:44:45,736 - INFO - OK for 17456
2022-08-15 14:44:46,206 - INFO - OK for 17457
2022-08-15 14:44:46,663 - INFO - OK for 17458
2022-08-15 14:44:47,189 - INFO - OK for 17459
2022-08-15 14:44:47,666 - INFO - OK for 17460
2022-08-15 14:44:48,161 - INFO - OK for 17461
2022-08-15 14:44:48,642 - INFO - OK for 17462
2022-08-15 14:44:49,214 - INFO - OK for 17463
2022-08-15 14:44:49,668 - INFO - OK for 17464
2022-08-15 14:44:50,124 - INFO - OK for 17465
2022-08-15 14:44:50,590 - INFO - OK for 17466
2022-08-15 14:44:51,047 - INFO - OK for 17467
2022-08-15 14:44:51,518 - INFO - OK for 17468
2022-08-15 14:44:51,960 - INFO - OK for 17469
2022-08-15 14:44:52,406 - INFO - OK for 17470
2022-08-15 14:44:52,890 - INFO - OK for 17471
2022-08-15 14:44:53,556 - INFO - OK for 17472
2022-08-15 14:44:54,299 - INFO - OK for 17473
2022-08-15 14:44:54,973 - INFO - OK for 17474
2022-08-15 14:44:55,922 - INFO - OK for 17475
2022-08-15 14:44:56,677 - INFO - OK for 17476
2022-08-15 14:44:57,294 - INFO - OK for 17477
2022-08-15 14:44:57,796 - INFO - OK for 17478
2022-08-15 14:44:58,367 - INFO - OK for 17479
2022-08-15 14:44:58,893 - INFO - OK for 17480
2022-08-15 14:44:59,383 - INFO - OK for 17481
2022-08-15 14:45:00,373 - INFO - OK for 17482
2022-08-15 14:45:01,024 - INFO - OK for 17483
2022-08-15 14:45:01,715 - INFO - OK for 17484
2022-08-15 14:45:02,203 - INFO - OK for 17485
2022-08-15 14:45:02,782 - INFO - OK for 17486
2022-08-15 14:45:03,371 - INFO - OK for 17487
2022-08-15 14:45:03,884 - INFO - OK for 17488
2022-08-15 14:45:23,396 - INFO - OK for 17489
2022-08-15 14:45:23,950 - INFO - OK for 17490
2022-08-15 14:45:24,410 - INFO - OK for 17491
2022-08-15 14:45:24,891 - INFO - OK for 17492
2022-08-15 14:45:25,398 - INFO - OK for 17493
2022-08-15 14:45:25,854 - INFO - OK for 17494
2022-08-15 14:45:26,391 - INFO - OK for 17495
2022-08-15 14:45:26,863 - INFO - OK for 17496
2022-08-15 14:45:27,490 - INFO - OK for 17497
2022-08-15 14:45:27,967 - INFO - OK for 17498
2022-08-15 14:45:28,418 - INFO - OK for 17499
2022-08-15 14:45:28,883 - INFO - OK for 17500
2022-08-15 14:45:29,363 - INFO - OK for 17501
2022-08-15 14:45:29,806 - INFO - OK for 17502
2022-08-15 14:45:30,315 - INFO - OK for 17503
2022-08-15 14:45:30,789 - INFO - OK for 17504
2022-08-15 14:45:31,245 - INFO - OK for 17505
2022-08-15 14:45:31,704 - INFO - OK for 17506
2022-08-15 14:45:32,154 - INFO - OK for 17507
2022-08-15 14:45:32,622 - INFO - OK for 17508
2022-08-15 14:45:33,098 - INFO - OK for 17509
2022-08-15 14:45:33,557 - INFO - OK for 17510
2022-08-15 14:45:34,051 - INFO - OK for 17511
2022-08-15 14:45:34,518 - INFO - OK for 17512
2022-08-15 14:45:34,977 - INFO - OK for 17513
2022-08-15 14:45:35,538 - INFO - OK for 17514
2022-08-15 14:45:35,993 - INFO - OK for 17515
2022-08-15 14:45:36,463 - INFO - OK for 17516
2022-08-15 14:45:36,934 - INFO - OK for 17517
2022-08-15 14:45:37,411 - INFO - OK for 17518
2022-08-15 14:45:37,897 - INFO - OK for 17519
2022-08-15 14:45:38,384 - INFO - OK for 17520
2022-08-15 14:45:38,848 - INFO - OK for 17521
2022-08-15 14:45:39,302 - INFO - OK for 17522
2022-08-15 14:45:39,757 - INFO - OK for 17523
2022-08-15 14:45:40,209 - INFO - OK for 17524
2022-08-15 14:45:40,679 - INFO - OK for 17525
2022-08-15 14:45:41,162 - INFO - OK for 17526
2022-08-15 14:45:41,650 - INFO - OK for 17527
2022-08-15 14:45:42,144 - INFO - OK for 17528
2022-08-15 14:45:42,605 - INFO - OK for 17529
2022-08-15 14:45:43,085 - INFO - OK for 17530
2022-08-15 14:45:43,774 - INFO - OK for 17531
2022-08-15 14:45:44,410 - INFO - OK for 17532
2022-08-15 14:45:44,944 - INFO - OK for 17533
2022-08-15 14:45:45,438 - INFO - OK for 17534
2022-08-15 14:45:45,898 - INFO - OK for 17535
2022-08-15 14:45:46,363 - INFO - OK for 17536
2022-08-15 14:45:46,908 - INFO - OK for 17537
2022-08-15 14:45:47,394 - INFO - OK for 17538
2022-08-15 14:45:47,873 - INFO - OK for 17539
2022-08-15 14:45:48,353 - INFO - OK for 17540
2022-08-15 14:45:48,812 - INFO - OK for 17541
2022-08-15 14:45:49,266 - INFO - OK for 17542
2022-08-15 14:45:49,711 - INFO - OK for 17543
2022-08-15 14:45:50,250 - INFO - OK for 17544
2022-08-15 14:45:50,736 - INFO - OK for 17545
2022-08-15 14:45:51,207 - INFO - OK for 17546
2022-08-15 14:45:51,716 - INFO - OK for 17547
2022-08-15 14:45:52,356 - INFO - OK for 17548
2022-08-15 14:45:52,811 - INFO - OK for 17549
2022-08-15 14:45:53,284 - INFO - OK for 17550
2022-08-15 14:45:53,826 - INFO - OK for 17551
2022-08-15 14:45:54,272 - INFO - OK for 17552
2022-08-15 14:45:54,744 - INFO - OK for 17553
2022-08-15 14:45:55,214 - INFO - OK for 17554
2022-08-15 14:45:55,664 - INFO - OK for 17555
2022-08-15 14:45:56,118 - INFO - OK for 17556
2022-08-15 14:45:56,594 - INFO - OK for 17557
2022-08-15 14:45:57,164 - INFO - OK for 17558
2022-08-15 14:45:57,636 - INFO - OK for 17559
2022-08-15 14:45:58,117 - INFO - OK for 17560
2022-08-15 14:45:58,609 - INFO - OK for 17561
2022-08-15 14:45:59,094 - INFO - OK for 17562
2022-08-15 14:45:59,559 - INFO - OK for 17563
2022-08-15 14:46:00,035 - INFO - OK for 17564
2022-08-15 14:46:00,484 - INFO - OK for 17565
2022-08-15 14:46:00,965 - INFO - OK for 17566
2022-08-15 14:46:01,410 - INFO - OK for 17567
2022-08-15 14:46:01,879 - INFO - OK for 17568
2022-08-15 14:46:02,336 - INFO - OK for 17569
2022-08-15 14:46:02,879 - INFO - OK for 17570
2022-08-15 14:46:03,339 - INFO - OK for 17571
2022-08-15 14:46:03,799 - INFO - OK for 17572
2022-08-15 14:46:04,266 - INFO - OK for 17573
2022-08-15 14:46:04,720 - INFO - OK for 17574
2022-08-15 14:46:05,200 - INFO - OK for 17575
2022-08-15 14:46:05,663 - INFO - OK for 17576
2022-08-15 14:46:06,148 - INFO - OK for 17577
2022-08-15 14:46:06,610 - INFO - OK for 17578
2022-08-15 14:46:07,122 - INFO - OK for 17579
2022-08-15 14:46:07,596 - INFO - OK for 17580
2022-08-15 14:46:08,052 - INFO - OK for 17581
2022-08-15 14:46:08,509 - INFO - OK for 17582
2022-08-15 14:46:08,974 - INFO - OK for 17583
2022-08-15 14:46:09,452 - INFO - OK for 17584
2022-08-15 14:46:09,921 - INFO - OK for 17585
2022-08-15 14:46:10,412 - INFO - OK for 17586
2022-08-15 14:46:10,923 - INFO - OK for 17587
2022-08-15 14:46:11,458 - INFO - OK for 17588
2022-08-15 14:46:12,013 - INFO - OK for 17589
2022-08-15 14:46:12,482 - INFO - OK for 17590
2022-08-15 14:46:12,935 - INFO - OK for 17591
2022-08-15 14:46:13,425 - INFO - OK for 17592
2022-08-15 14:46:13,877 - INFO - OK for 17593
2022-08-15 14:46:14,352 - INFO - OK for 17594
2022-08-15 14:46:14,863 - INFO - OK for 17595
2022-08-15 14:46:15,321 - INFO - OK for 17596
2022-08-15 14:46:15,800 - INFO - OK for 17597
2022-08-15 14:46:16,279 - INFO - OK for 17598
2022-08-15 14:46:23,709 - INFO - OK for 17599
2022-08-15 14:46:24,171 - INFO - OK for 17600
2022-08-15 14:46:24,637 - INFO - OK for 17601
2022-08-15 14:46:25,096 - INFO - OK for 17602
2022-08-15 14:46:25,568 - INFO - OK for 17603
2022-08-15 14:46:26,035 - INFO - OK for 17604
2022-08-15 14:46:26,492 - INFO - OK for 17605
2022-08-15 14:46:26,960 - INFO - OK for 17606
2022-08-15 14:46:27,513 - INFO - OK for 17607
2022-08-15 14:46:27,978 - INFO - OK for 17608
2022-08-15 14:46:28,430 - INFO - OK for 17609
2022-08-15 14:46:28,887 - INFO - OK for 17610
2022-08-15 14:46:29,378 - INFO - OK for 17611
2022-08-15 14:46:29,829 - INFO - OK for 17612
2022-08-15 14:46:30,304 - INFO - OK for 17613
2022-08-15 14:46:30,791 - INFO - OK for 17614
2022-08-15 14:46:31,237 - INFO - OK for 17615
2022-08-15 14:46:31,694 - INFO - OK for 17616
2022-08-15 14:46:32,155 - INFO - OK for 17617
2022-08-15 14:46:32,657 - INFO - OK for 17618
2022-08-15 14:46:33,145 - INFO - OK for 17619
2022-08-15 14:46:33,614 - INFO - OK for 17620
2022-08-15 14:46:34,171 - INFO - OK for 17621
2022-08-15 14:46:34,635 - INFO - OK for 17622
2022-08-15 14:46:35,088 - INFO - OK for 17623
2022-08-15 14:46:35,536 - INFO - OK for 17624
2022-08-15 14:46:35,994 - INFO - OK for 17625
2022-08-15 14:46:36,523 - INFO - OK for 17626
2022-08-15 14:46:37,000 - INFO - OK for 17627
2022-08-15 14:46:37,466 - INFO - OK for 17628
2022-08-15 14:46:37,924 - INFO - OK for 17629
2022-08-15 14:46:38,383 - INFO - OK for 17630
2022-08-15 14:46:38,841 - INFO - OK for 17631
2022-08-15 14:46:39,298 - INFO - OK for 17632
2022-08-15 14:46:39,742 - INFO - OK for 17633
2022-08-15 14:46:40,199 - INFO - OK for 17634
2022-08-15 14:46:40,666 - INFO - OK for 17635
2022-08-15 14:46:41,122 - INFO - OK for 17636
2022-08-15 14:46:41,591 - INFO - OK for 17637
2022-08-15 14:46:42,048 - INFO - OK for 17638
2022-08-15 14:46:42,543 - INFO - OK for 17639
2022-08-15 14:46:43,012 - INFO - OK for 17640
2022-08-15 14:46:43,551 - INFO - OK for 17641
2022-08-15 14:46:44,036 - INFO - OK for 17642
2022-08-15 14:46:44,500 - INFO - OK for 17643
2022-08-15 14:46:45,084 - INFO - OK for 17644
2022-08-15 14:46:45,632 - INFO - OK for 17645
2022-08-15 14:46:46,095 - INFO - OK for 17646
2022-08-15 14:46:46,572 - INFO - OK for 17647
2022-08-15 14:46:47,036 - INFO - OK for 17648
2022-08-15 14:46:47,491 - INFO - OK for 17649
2022-08-15 14:46:47,948 - INFO - OK for 17650
2022-08-15 14:46:48,407 - INFO - OK for 17651
2022-08-15 14:46:48,882 - INFO - OK for 17652
2022-08-15 14:46:49,343 - INFO - OK for 17653
2022-08-15 14:46:49,813 - INFO - OK for 17654
2022-08-15 14:46:50,302 - INFO - OK for 17655
2022-08-15 14:46:50,769 - INFO - OK for 17656
2022-08-15 14:46:51,254 - INFO - OK for 17657
2022-08-15 14:46:51,719 - INFO - OK for 17658
2022-08-15 14:46:52,253 - INFO - OK for 17659
2022-08-15 14:46:52,707 - INFO - OK for 17660
2022-08-15 14:46:53,184 - INFO - OK for 17661
2022-08-15 14:46:53,629 - INFO - OK for 17662
2022-08-15 14:46:54,093 - INFO - OK for 17663
2022-08-15 14:46:54,622 - INFO - OK for 17664
2022-08-15 14:46:55,098 - INFO - OK for 17665
2022-08-15 14:46:55,567 - INFO - OK for 17666
2022-08-15 14:46:56,029 - INFO - OK for 17667
2022-08-15 14:46:56,486 - INFO - OK for 17668
2022-08-15 14:46:56,948 - INFO - OK for 17669
2022-08-15 14:46:57,399 - INFO - OK for 17670
2022-08-15 14:46:57,862 - INFO - OK for 17671
2022-08-15 14:46:58,316 - INFO - OK for 17672
2022-08-15 14:46:58,777 - INFO - OK for 17673
2022-08-15 14:46:59,248 - INFO - OK for 17674
2022-08-15 14:46:59,725 - INFO - OK for 17675
2022-08-15 14:47:00,185 - INFO - OK for 17676
2022-08-15 14:47:00,673 - INFO - OK for 17677
2022-08-15 14:47:01,145 - INFO - OK for 17678
2022-08-15 14:47:01,601 - INFO - OK for 17679
2022-08-15 14:47:02,058 - INFO - OK for 17680
2022-08-15 14:47:02,516 - INFO - OK for 17681
2022-08-15 14:47:02,965 - INFO - OK for 17682
2022-08-15 14:47:03,527 - INFO - OK for 17683
2022-08-15 14:47:03,999 - INFO - OK for 17684
2022-08-15 14:47:04,447 - INFO - OK for 17685
2022-08-15 14:47:04,968 - INFO - OK for 17686
2022-08-15 14:47:05,434 - INFO - OK for 17687
2022-08-15 14:47:05,895 - INFO - OK for 17688
2022-08-15 14:47:06,348 - INFO - OK for 17689
2022-08-15 14:47:06,836 - INFO - OK for 17690
2022-08-15 14:47:07,288 - INFO - OK for 17691
2022-08-15 14:47:07,748 - INFO - OK for 17692
2022-08-15 14:47:08,218 - INFO - OK for 17693
2022-08-15 14:47:08,693 - INFO - OK for 17694
2022-08-15 14:47:09,171 - INFO - OK for 17695
2022-08-15 14:47:09,645 - INFO - OK for 17696
2022-08-15 14:47:10,126 - INFO - OK for 17697
2022-08-15 14:47:10,582 - INFO - OK for 17698
2022-08-15 14:47:11,066 - INFO - OK for 17699
2022-08-15 14:47:11,513 - INFO - OK for 17700
2022-08-15 14:47:11,964 - INFO - OK for 17701
2022-08-15 14:47:12,529 - INFO - OK for 17702
2022-08-15 14:47:12,991 - INFO - OK for 17703
2022-08-15 14:47:13,453 - INFO - OK for 17704
2022-08-15 14:47:13,925 - INFO - OK for 17705
2022-08-15 14:47:14,521 - INFO - OK for 17706
2022-08-15 14:47:15,059 - INFO - OK for 17707
2022-08-15 14:47:15,682 - INFO - OK for 17708
2022-08-15 14:47:16,150 - INFO - OK for 17709
2022-08-15 14:47:16,649 - INFO - OK for 17710
2022-08-15 14:47:17,179 - INFO - OK for 17711
2022-08-15 14:47:17,769 - INFO - OK for 17712
2022-08-15 14:47:18,285 - INFO - OK for 17713
2022-08-15 14:47:18,805 - INFO - OK for 17714
2022-08-15 14:47:19,273 - INFO - OK for 17715
2022-08-15 14:47:20,386 - INFO - OK for 17716
2022-08-15 14:47:20,885 - INFO - OK for 17717
2022-08-15 14:47:21,385 - INFO - OK for 17718
2022-08-15 14:47:21,876 - INFO - OK for 17719
2022-08-15 14:47:22,329 - INFO - OK for 17720
2022-08-15 14:47:22,888 - INFO - OK for 17721
2022-08-15 14:47:23,393 - INFO - OK for 17722
2022-08-15 14:47:23,868 - INFO - OK for 17723
2022-08-15 14:47:24,370 - INFO - OK for 17724
2022-08-15 14:47:24,851 - INFO - OK for 17725
2022-08-15 14:47:25,388 - INFO - OK for 17726
2022-08-15 14:47:25,939 - INFO - OK for 17727
2022-08-15 14:47:26,415 - INFO - OK for 17728
2022-08-15 14:47:26,895 - INFO - OK for 17729
2022-08-15 14:47:27,382 - INFO - OK for 17730
2022-08-15 14:47:27,862 - INFO - OK for 17731
2022-08-15 14:47:28,347 - INFO - OK for 17732
2022-08-15 14:47:28,929 - INFO - OK for 17733
2022-08-15 14:47:29,390 - INFO - OK for 17734
2022-08-15 14:47:29,887 - INFO - OK for 17735
2022-08-15 14:47:30,378 - INFO - OK for 17736
2022-08-15 14:47:30,862 - INFO - OK for 17737
2022-08-15 14:47:31,323 - INFO - OK for 17738
2022-08-15 14:47:31,843 - INFO - OK for 17739
2022-08-15 14:47:32,329 - INFO - OK for 17740
2022-08-15 14:47:32,804 - INFO - OK for 17741
2022-08-15 14:47:33,284 - INFO - OK for 17742
2022-08-15 14:47:33,752 - INFO - OK for 17743
2022-08-15 14:47:34,217 - INFO - OK for 17744
2022-08-15 14:47:35,052 - INFO - OK for 17745
2022-08-15 14:47:35,921 - INFO - OK for 17746
2022-08-15 14:47:36,957 - INFO - OK for 17747
2022-08-15 14:47:37,849 - INFO - OK for 17748
2022-08-15 14:47:38,982 - INFO - OK for 17749
2022-08-15 14:47:39,870 - INFO - OK for 17750
2022-08-15 14:47:40,865 - INFO - OK for 17751
2022-08-15 14:47:41,876 - INFO - OK for 17752
2022-08-15 14:47:42,593 - INFO - OK for 17753
2022-08-15 14:47:43,178 - INFO - OK for 17754
2022-08-15 14:47:43,682 - INFO - OK for 17755
2022-08-15 14:47:44,179 - INFO - OK for 17756
2022-08-15 14:47:44,665 - INFO - OK for 17757
2022-08-15 14:47:45,455 - INFO - OK for 17758
2022-08-15 14:47:46,277 - INFO - OK for 17759
2022-08-15 14:47:47,113 - INFO - OK for 17760
2022-08-15 14:47:47,733 - INFO - OK for 17761
2022-08-15 14:47:48,336 - INFO - OK for 17762
2022-08-15 14:47:48,995 - INFO - OK for 17763
2022-08-15 14:47:49,759 - INFO - OK for 17764
2022-08-15 14:47:50,421 - INFO - OK for 17765
2022-08-15 14:47:51,229 - INFO - OK for 17766
2022-08-15 14:47:51,732 - INFO - OK for 17767
2022-08-15 14:47:52,362 - INFO - OK for 17768
2022-08-15 14:47:52,963 - INFO - OK for 17769
2022-08-15 14:47:53,435 - INFO - OK for 17770
2022-08-15 14:47:53,902 - INFO - OK for 17771
2022-08-15 14:47:54,384 - INFO - OK for 17772
2022-08-15 14:47:54,934 - INFO - OK for 17773
2022-08-15 14:47:55,419 - INFO - OK for 17774
